
> odds_generator@1.0.0 run_odds_generator
> run-func js_code_files/index-odds-generator.js run_odds_generator

starting...
# MONGO connected zed_db
# MONGO connected zed_ch
## Initiating
_ETH:: Now         : 2021-08-28T21:44:57.565Z
_ETH:: Last Cache  : 2021-08-28T17:00:34.511Z
_ETH:: Databse Date: 2021-08-28T17:00:34.511Z
ETH prices latest=> 2021-08-28
finding max hid right now
got max_horse: 88982
=> STARTED odds_generator:  0:88982
! got 0  ->  24
! got 25  ->  49
! got 50  ->  74
! got 75  ->  99
! got 100  ->  124
! got 125  ->  149
! got 150  ->  174
! got 175  ->  199
! got 200  ->  224
! got 225  ->  249
! got 250  ->  274
! got 275  ->  299
! got 300  ->  324
! got 325  ->  349
! got 350  ->  374
! got 375  ->  399
! got 400  ->  424
! got 425  ->  449
! got 450  ->  474
! got 475  ->  499
! got 500  ->  524
! got 525  ->  549
! got 550  ->  574
! got 575  ->  599
! got 600  ->  624
! got 625  ->  649
! got 650  ->  674
! got 675  ->  699
! got 700  ->  724
! got 725  ->  749
! got 750  ->  774
! got 775  ->  799
! got 800  ->  824
! got 825  ->  849
! got 850  ->  874
! got 875  ->  899
! got 900  ->  924
! got 925  ->  949
! got 950  ->  974
! got 975  ->  999
! got 1000  ->  1024
! got 1025  ->  1049
! got 1050  ->  1074
! got 1075  ->  1099
! got 1100  ->  1124
! got 1125  ->  1149
! got 1150  ->  1174
! got 1175  ->  1199
! got 1200  ->  1224
! got 1225  ->  1249
! got 1250  ->  1274
! got 1275  ->  1299
! got 1300  ->  1324
! got 1325  ->  1349
! got 1350  ->  1374
! got 1375  ->  1399
! got 1400  ->  1424
! got 1425  ->  1449
! got 1450  ->  1474
! got 1475  ->  1499
! got 1500  ->  1524
! got 1525  ->  1549
! got 1550  ->  1574
! got 1575  ->  1599
! got 1600  ->  1624
! got 1625  ->  1649
! got 1650  ->  1674
! got 1675  ->  1699
! got 1700  ->  1724
! got 1725  ->  1749
! got 1750  ->  1774
! got 1775  ->  1799
! got 1800  ->  1824
! got 1825  ->  1849
! got 1850  ->  1874
! got 1875  ->  1899
! got 1900  ->  1924
! got 1925  ->  1949
! got 1950  ->  1974
! got 1975  ->  1999
! got 2000  ->  2024
! got 2025  ->  2049
! got 2050  ->  2074
! got 2075  ->  2099
! got 2100  ->  2124
! got 2125  ->  2149
! got 2150  ->  2174
! got 2175  ->  2199
! got 2200  ->  2224
! got 2225  ->  2249
! got 2250  ->  2274
! got 2275  ->  2299
! got 2300  ->  2324
! got 2325  ->  2349
! got 2350  ->  2374
! got 2375  ->  2399
! got 2400  ->  2424
! got 2425  ->  2449
! got 2450  ->  2474
! got 2475  ->  2499
! got 2500  ->  2524
! got 2525  ->  2549
! got 2550  ->  2574
! got 2575  ->  2599
! got 2600  ->  2624
! got 2625  ->  2649
! got 2650  ->  2674
! got 2675  ->  2699
! got 2700  ->  2724
! got 2725  ->  2749
! got 2750  ->  2774
! got 2775  ->  2799
! got 2800  ->  2824
! got 2825  ->  2849
! got 2850  ->  2874
! got 2875  ->  2899
! got 2900  ->  2924
! got 2925  ->  2949
! got 2950  ->  2974
! got 2975  ->  2999
! got 3000  ->  3024
! got 3025  ->  3049
! got 3050  ->  3074
! got 3075  ->  3099
! got 3100  ->  3124
! got 3125  ->  3149
! got 3150  ->  3174
! got 3175  ->  3199
! got 3200  ->  3224
! got 3225  ->  3249
! got 3250  ->  3274
! got 3275  ->  3299
! got 3300  ->  3324
! got 3325  ->  3349
! got 3350  ->  3374
! got 3375  ->  3399
! got 3400  ->  3424
! got 3425  ->  3449
! got 3450  ->  3474
! got 3475  ->  3499
! got 3500  ->  3524
! got 3525  ->  3549
! got 3550  ->  3574
! got 3575  ->  3599
! got 3600  ->  3624
! got 3625  ->  3649
! got 3650  ->  3674
! got 3675  ->  3699
! got 3700  ->  3724
! got 3725  ->  3749
! got 3750  ->  3774
! got 3775  ->  3799
! got 3800  ->  3824
! got 3825  ->  3849
! got 3850  ->  3874
! got 3875  ->  3899
! got 3900  ->  3924
! got 3925  ->  3949
! got 3950  ->  3974
! got 3975  ->  3999
! got 4000  ->  4024
! got 4025  ->  4049
! got 4050  ->  4074
! got 4075  ->  4099
! got 4100  ->  4124
! got 4125  ->  4149
! got 4150  ->  4174
! got 4175  ->  4199
! got 4200  ->  4224
! got 4225  ->  4249
! got 4250  ->  4274
! got 4275  ->  4299
! got 4300  ->  4324
! got 4325  ->  4349
! got 4350  ->  4374
! got 4375  ->  4399
! got 4400  ->  4424
! got 4425  ->  4449
! got 4450  ->  4474
! got 4475  ->  4499
! got 4500  ->  4524
! got 4525  ->  4549
! got 4550  ->  4574
! got 4575  ->  4599
! got 4600  ->  4624
! got 4625  ->  4649
! got 4650  ->  4674
! got 4675  ->  4699
! got 4700  ->  4724
! got 4725  ->  4749
! got 4750  ->  4774
! got 4775  ->  4799
! got 4800  ->  4824
! got 4825  ->  4849
! got 4850  ->  4874
! got 4875  ->  4899
! got 4900  ->  4924
! got 4925  ->  4949
! got 4950  ->  4974
! got 4975  ->  4999
! got 5000  ->  5024
! got 5025  ->  5049
! got 5050  ->  5074
! got 5075  ->  5099
! got 5100  ->  5124
! got 5125  ->  5149
! got 5150  ->  5174
! got 5175  ->  5199
! got 5200  ->  5224
! got 5225  ->  5249
! got 5250  ->  5274
! got 5275  ->  5299
! got 5300  ->  5324
! got 5325  ->  5349
! got 5350  ->  5374
! got 5375  ->  5399
! got 5400  ->  5424
! got 5425  ->  5449
! got 5450  ->  5474
! got 5475  ->  5499
! got 5500  ->  5524
! got 5525  ->  5549
! got 5550  ->  5574
! got 5575  ->  5599
! got 5600  ->  5624
! got 5625  ->  5649
! got 5650  ->  5674
! got 5675  ->  5699
! got 5700  ->  5724
! got 5725  ->  5749
! got 5750  ->  5774
! got 5775  ->  5799
! got 5800  ->  5824
! got 5825  ->  5849
! got 5850  ->  5874
! got 5875  ->  5899
! got 5900  ->  5924
! got 5925  ->  5949
! got 5950  ->  5974
! got 5975  ->  5999
! got 6000  ->  6024
! got 6025  ->  6049
! got 6050  ->  6074
! got 6075  ->  6099
! got 6100  ->  6124
! got 6125  ->  6149
! got 6150  ->  6174
! got 6175  ->  6199
! got 6200  ->  6224
! got 6225  ->  6249
! got 6250  ->  6274
! got 6275  ->  6299
! got 6300  ->  6324
! got 6325  ->  6349
! got 6350  ->  6374
! got 6375  ->  6399
! got 6400  ->  6424
! got 6425  ->  6449
! got 6450  ->  6474
! got 6475  ->  6499
! got 6500  ->  6524
! got 6525  ->  6549
! got 6550  ->  6574
! got 6575  ->  6599
! got 6600  ->  6624
! got 6625  ->  6649
! got 6650  ->  6674
! got 6675  ->  6699
! got 6700  ->  6724
! got 6725  ->  6749
! got 6750  ->  6774
! got 6775  ->  6799
! got 6800  ->  6824
! got 6825  ->  6849
! got 6850  ->  6874
! got 6875  ->  6899
! got 6900  ->  6924
! got 6925  ->  6949
! got 6950  ->  6974
! got 6975  ->  6999
! got 7000  ->  7024
! got 7025  ->  7049
! got 7050  ->  7074
! got 7075  ->  7099
! got 7100  ->  7124
! got 7125  ->  7149
! got 7150  ->  7174
! got 7175  ->  7199
! got 7200  ->  7224
! got 7225  ->  7249
! got 7250  ->  7274
! got 7275  ->  7299
! got 7300  ->  7324
! got 7325  ->  7349
! got 7350  ->  7374
! got 7375  ->  7399
! got 7400  ->  7424
! got 7425  ->  7449
! got 7450  ->  7474
! got 7475  ->  7499
! got 7500  ->  7524
! got 7525  ->  7549
! got 7550  ->  7574
! got 7575  ->  7599
! got 7600  ->  7624
! got 7625  ->  7649
! got 7650  ->  7674
! got 7675  ->  7699
! got 7700  ->  7724
! got 7725  ->  7749
! got 7750  ->  7774
! got 7775  ->  7799
! got 7800  ->  7824
! got 7825  ->  7849
! got 7850  ->  7874
! got 7875  ->  7899
! got 7900  ->  7924
! got 7925  ->  7949
! got 7950  ->  7974
! got 7975  ->  7999
! got 8000  ->  8024
! got 8025  ->  8049
! got 8050  ->  8074
! got 8075  ->  8099
! got 8100  ->  8124
! got 8125  ->  8149
! got 8150  ->  8174
! got 8175  ->  8199
! got 8200  ->  8224
! got 8225  ->  8249
! got 8250  ->  8274
! got 8275  ->  8299
! got 8300  ->  8324
! got 8325  ->  8349
! got 8350  ->  8374
! got 8375  ->  8399
! got 8400  ->  8424
! got 8425  ->  8449
! got 8450  ->  8474
! got 8475  ->  8499
! got 8500  ->  8524
! got 8525  ->  8549
! got 8550  ->  8574
! got 8575  ->  8599
! got 8600  ->  8624
! got 8625  ->  8649
! got 8650  ->  8674
! got 8675  ->  8699
! got 8700  ->  8724
! got 8725  ->  8749
! got 8750  ->  8774
! got 8775  ->  8799
! got 8800  ->  8824
! got 8825  ->  8849
! got 8850  ->  8874
! got 8875  ->  8899
! got 8900  ->  8924
! got 8925  ->  8949
! got 8950  ->  8974
! got 8975  ->  8999
! got 9000  ->  9024
! got 9025  ->  9049
! got 9050  ->  9074
! got 9075  ->  9099
! got 9100  ->  9124
! got 9125  ->  9149
! got 9150  ->  9174
! got 9175  ->  9199
! got 9200  ->  9224
! got 9225  ->  9249
! got 9250  ->  9274
! got 9275  ->  9299
! got 9300  ->  9324
! got 9325  ->  9349
! got 9350  ->  9374
! got 9375  ->  9399
! got 9400  ->  9424
! got 9425  ->  9449
! got 9450  ->  9474
! got 9475  ->  9499
! got 9500  ->  9524
! got 9525  ->  9549
! got 9550  ->  9574
! got 9575  ->  9599
! got 9600  ->  9624
! got 9625  ->  9649
! got 9650  ->  9674
! got 9675  ->  9699
! got 9700  ->  9724
! got 9725  ->  9749
! got 9750  ->  9774
! got 9775  ->  9799
! got 9800  ->  9824
! got 9825  ->  9849
! got 9850  ->  9874
! got 9875  ->  9899
! got 9900  ->  9924
! got 9925  ->  9949
! got 9950  ->  9974
! got 9975  ->  9999
! got 10000  ->  10024
! got 10025  ->  10049
! got 10050  ->  10074
! got 10075  ->  10099
! got 10100  ->  10124
! got 10125  ->  10149
! got 10150  ->  10174
! got 10175  ->  10199
! got 10200  ->  10224
! got 10225  ->  10249
! got 10250  ->  10274
! got 10275  ->  10299
! got 10300  ->  10324
! got 10325  ->  10349
! got 10350  ->  10374
! got 10375  ->  10399
! got 10400  ->  10424
! got 10425  ->  10449
! got 10450  ->  10474
! got 10475  ->  10499
! got 10500  ->  10524
! got 10525  ->  10549
! got 10550  ->  10574
! got 10575  ->  10599
! got 10600  ->  10624
! got 10625  ->  10649
! got 10650  ->  10674
! got 10675  ->  10699
! got 10700  ->  10724
! got 10725  ->  10749
! got 10750  ->  10774
! got 10775  ->  10799
! got 10800  ->  10824
! got 10825  ->  10849
! got 10850  ->  10874
! got 10875  ->  10899
! got 10900  ->  10924
! got 10925  ->  10949
! got 10950  ->  10974
! got 10975  ->  10999
! got 11000  ->  11024
! got 11025  ->  11049
! got 11050  ->  11074
! got 11075  ->  11099
! got 11100  ->  11124
! got 11125  ->  11149
! got 11150  ->  11174
! got 11175  ->  11199
! got 11200  ->  11224
! got 11225  ->  11249
! got 11250  ->  11274
! got 11275  ->  11299
! got 11300  ->  11324
! got 11325  ->  11349
! got 11350  ->  11374
! got 11375  ->  11399
! got 11400  ->  11424
! got 11425  ->  11449
! got 11450  ->  11474
! got 11475  ->  11499
! got 11500  ->  11524
! got 11525  ->  11549
! got 11550  ->  11574
! got 11575  ->  11599
! got 11600  ->  11624
! got 11625  ->  11649
! got 11650  ->  11674
! got 11675  ->  11699
! got 11700  ->  11724
! got 11725  ->  11749
! got 11750  ->  11774
! got 11775  ->  11799
! got 11800  ->  11824
! got 11825  ->  11849
! got 11850  ->  11874
! got 11875  ->  11899
! got 11900  ->  11924
! got 11925  ->  11949
! got 11950  ->  11974
! got 11975  ->  11999
! got 12000  ->  12024
! got 12025  ->  12049
! got 12050  ->  12074
! got 12075  ->  12099
! got 12100  ->  12124
! got 12125  ->  12149
! got 12150  ->  12174
! got 12175  ->  12199
! got 12200  ->  12224
! got 12225  ->  12249
! got 12250  ->  12274
! got 12275  ->  12299
! got 12300  ->  12324
! got 12325  ->  12349
! got 12350  ->  12374
! got 12375  ->  12399
! got 12400  ->  12424
! got 12425  ->  12449
! got 12450  ->  12474
! got 12475  ->  12499
! got 12500  ->  12524
! got 12525  ->  12549
! got 12550  ->  12574
! got 12575  ->  12599
! got 12600  ->  12624
! got 12625  ->  12649
! got 12650  ->  12674
! got 12675  ->  12699
! got 12700  ->  12724
! got 12725  ->  12749
! got 12750  ->  12774
! got 12775  ->  12799
! got 12800  ->  12824
! got 12825  ->  12849
! got 12850  ->  12874
! got 12875  ->  12899
! got 12900  ->  12924
! got 12925  ->  12949
! got 12950  ->  12974
! got 12975  ->  12999
! got 13000  ->  13024
! got 13025  ->  13049
! got 13050  ->  13074
! got 13075  ->  13099
! got 13100  ->  13124
! got 13125  ->  13149
! got 13150  ->  13174
! got 13175  ->  13199
! got 13200  ->  13224
! got 13225  ->  13249
! got 13250  ->  13274
! got 13275  ->  13299
! got 13300  ->  13324
! got 13325  ->  13349
! got 13350  ->  13374
! got 13375  ->  13399
! got 13400  ->  13424
! got 13425  ->  13449
! got 13450  ->  13474
! got 13475  ->  13499
! got 13500  ->  13524
! got 13525  ->  13549
! got 13550  ->  13574
! got 13575  ->  13599
! got 13600  ->  13624
! got 13625  ->  13649
! got 13650  ->  13674
! got 13675  ->  13699
! got 13700  ->  13724
! got 13725  ->  13749
! got 13750  ->  13774
! got 13775  ->  13799
! got 13800  ->  13824
! got 13825  ->  13849
! got 13850  ->  13874
! got 13875  ->  13899
! got 13900  ->  13924
! got 13925  ->  13949
! got 13950  ->  13974
! got 13975  ->  13999
! got 14000  ->  14024
! got 14025  ->  14049
! got 14050  ->  14074
! got 14075  ->  14099
! got 14100  ->  14124
! got 14125  ->  14149
! got 14150  ->  14174
! got 14175  ->  14199
! got 14200  ->  14224
! got 14225  ->  14249
! got 14250  ->  14274
! got 14275  ->  14299
! got 14300  ->  14324
! got 14325  ->  14349
! got 14350  ->  14374
! got 14375  ->  14399
! got 14400  ->  14424
! got 14425  ->  14449
! got 14450  ->  14474
! got 14475  ->  14499
! got 14500  ->  14524
! got 14525  ->  14549
! got 14550  ->  14574
! got 14575  ->  14599
! got 14600  ->  14624
! got 14625  ->  14649
! got 14650  ->  14674
! got 14675  ->  14699
! got 14700  ->  14724
! got 14725  ->  14749
! got 14750  ->  14774
! got 14775  ->  14799
! got 14800  ->  14824
! got 14825  ->  14849
! got 14850  ->  14874
! got 14875  ->  14899
! got 14900  ->  14924
! got 14925  ->  14949
! got 14950  ->  14974
! got 14975  ->  14999
! got 15000  ->  15024
! got 15025  ->  15049
! got 15050  ->  15074
! got 15075  ->  15099
! got 15100  ->  15124
! got 15125  ->  15149
! got 15150  ->  15174
! got 15175  ->  15199
! got 15200  ->  15224
! got 15225  ->  15249
! got 15250  ->  15274
! got 15275  ->  15299
! got 15300  ->  15324
! got 15325  ->  15349
! got 15350  ->  15374
! got 15375  ->  15399
! got 15400  ->  15424
! got 15425  ->  15449
! got 15450  ->  15474
! got 15475  ->  15499
! got 15500  ->  15524
! got 15525  ->  15549
! got 15550  ->  15574
! got 15575  ->  15599
! got 15600  ->  15624
! got 15625  ->  15649
! got 15650  ->  15674
! got 15675  ->  15699
! got 15700  ->  15724
! got 15725  ->  15749
! got 15750  ->  15774
! got 15775  ->  15799
! got 15800  ->  15824
! got 15825  ->  15849
! got 15850  ->  15874
! got 15875  ->  15899
! got 15900  ->  15924
! got 15925  ->  15949
! got 15950  ->  15974
! got 15975  ->  15999
! got 16000  ->  16024
! got 16025  ->  16049
! got 16050  ->  16074
! got 16075  ->  16099
! got 16100  ->  16124
! got 16125  ->  16149
! got 16150  ->  16174
! got 16175  ->  16199
! got 16200  ->  16224
! got 16225  ->  16249
! got 16250  ->  16274
! got 16275  ->  16299
! got 16300  ->  16324
! got 16325  ->  16349
! got 16350  ->  16374
! got 16375  ->  16399
! got 16400  ->  16424
! got 16425  ->  16449
! got 16450  ->  16474
! got 16475  ->  16499
! got 16500  ->  16524
! got 16525  ->  16549
! got 16550  ->  16574
! got 16575  ->  16599
! got 16600  ->  16624
! got 16625  ->  16649
! got 16650  ->  16674
! got 16675  ->  16699
! got 16700  ->  16724
! got 16725  ->  16749
! got 16750  ->  16774
! got 16775  ->  16799
! got 16800  ->  16824
! got 16825  ->  16849
! got 16850  ->  16874
! got 16875  ->  16899
! got 16900  ->  16924
! got 16925  ->  16949
! got 16950  ->  16974
! got 16975  ->  16999
! got 17000  ->  17024
! got 17025  ->  17049
! got 17050  ->  17074
! got 17075  ->  17099
! got 17100  ->  17124
! got 17125  ->  17149
! got 17150  ->  17174
! got 17175  ->  17199
! got 17200  ->  17224
! got 17225  ->  17249
! got 17250  ->  17274
! got 17275  ->  17299
! got 17300  ->  17324
! got 17325  ->  17349
! got 17350  ->  17374
! got 17375  ->  17399
! got 17400  ->  17424
! got 17425  ->  17449
! got 17450  ->  17474
! got 17475  ->  17499
! got 17500  ->  17524
! got 17525  ->  17549
! got 17550  ->  17574
! got 17575  ->  17599
! got 17600  ->  17624
! got 17625  ->  17649
! got 17650  ->  17674
! got 17675  ->  17699
! got 17700  ->  17724
! got 17725  ->  17749
! got 17750  ->  17774
! got 17775  ->  17799
! got 17800  ->  17824
! got 17825  ->  17849
! got 17850  ->  17874
! got 17875  ->  17899
! got 17900  ->  17924
! got 17925  ->  17949
! got 17950  ->  17974
! got 17975  ->  17999
! got 18000  ->  18024
! got 18025  ->  18049
! got 18050  ->  18074
! got 18075  ->  18099
! got 18100  ->  18124
! got 18125  ->  18149
! got 18150  ->  18174
! got 18175  ->  18199
! got 18200  ->  18224
! got 18225  ->  18249
! got 18250  ->  18274
! got 18275  ->  18299
! got 18300  ->  18324
! got 18325  ->  18349
! got 18350  ->  18374
! got 18375  ->  18399
! got 18400  ->  18424
! got 18425  ->  18449
! got 18450  ->  18474
! got 18475  ->  18499
! got 18500  ->  18524
! got 18525  ->  18549
! got 18550  ->  18574
! got 18575  ->  18599
! got 18600  ->  18624
! got 18625  ->  18649
! got 18650  ->  18674
! got 18675  ->  18699
! got 18700  ->  18724
! got 18725  ->  18749
! got 18750  ->  18774
! got 18775  ->  18799
! got 18800  ->  18824
! got 18825  ->  18849
! got 18850  ->  18874
! got 18875  ->  18899
! got 18900  ->  18924
! got 18925  ->  18949
! got 18950  ->  18974
! got 18975  ->  18999
! got 19000  ->  19024
! got 19025  ->  19049
! got 19050  ->  19074
! got 19075  ->  19099
! got 19100  ->  19124
! got 19125  ->  19149
! got 19150  ->  19174
! got 19175  ->  19199
! got 19200  ->  19224
! got 19225  ->  19249
! got 19250  ->  19274
! got 19275  ->  19299
! got 19300  ->  19324
! got 19325  ->  19349
! got 19350  ->  19374
! got 19375  ->  19399
! got 19400  ->  19424
! got 19425  ->  19449
! got 19450  ->  19474
! got 19475  ->  19499
! got 19500  ->  19524
! got 19525  ->  19549
! got 19550  ->  19574
! got 19575  ->  19599
! got 19600  ->  19624
! got 19625  ->  19649
! got 19650  ->  19674
! got 19675  ->  19699
! got 19700  ->  19724
! got 19725  ->  19749
! got 19750  ->  19774
! got 19775  ->  19799
! got 19800  ->  19824
! got 19825  ->  19849
! got 19850  ->  19874
! got 19875  ->  19899
! got 19900  ->  19924
! got 19925  ->  19949
! got 19950  ->  19974
! got 19975  ->  19999
! got 20000  ->  20024
! got 20025  ->  20049
! got 20050  ->  20074
! got 20075  ->  20099
! got 20100  ->  20124
! got 20125  ->  20149
! got 20150  ->  20174
! got 20175  ->  20199
! got 20200  ->  20224
! got 20225  ->  20249
! got 20250  ->  20274
! got 20275  ->  20299
! got 20300  ->  20324
! got 20325  ->  20349
! got 20350  ->  20374
! got 20375  ->  20399
! got 20400  ->  20424
! got 20425  ->  20449
! got 20450  ->  20474
! got 20475  ->  20499
! got 20500  ->  20524
! got 20525  ->  20549
! got 20550  ->  20574
! got 20575  ->  20599
! got 20600  ->  20624
! got 20625  ->  20649
! got 20650  ->  20674
! got 20675  ->  20699
! got 20700  ->  20724
! got 20725  ->  20749
! got 20750  ->  20774
! got 20775  ->  20799
! got 20800  ->  20824
! got 20825  ->  20849
! got 20850  ->  20874
! got 20875  ->  20899
! got 20900  ->  20924
! got 20925  ->  20949
! got 20950  ->  20974
! got 20975  ->  20999
! got 21000  ->  21024
! got 21025  ->  21049
! got 21050  ->  21074
! got 21075  ->  21099
! got 21100  ->  21124
! got 21125  ->  21149
! got 21150  ->  21174
! got 21175  ->  21199
! got 21200  ->  21224
! got 21225  ->  21249
! got 21250  ->  21274
! got 21275  ->  21299
! got 21300  ->  21324
! got 21325  ->  21349
! got 21350  ->  21374
! got 21375  ->  21399
! got 21400  ->  21424
! got 21425  ->  21449
! got 21450  ->  21474
! got 21475  ->  21499
! got 21500  ->  21524
! got 21525  ->  21549
! got 21550  ->  21574
! got 21575  ->  21599
! got 21600  ->  21624
! got 21625  ->  21649
! got 21650  ->  21674
! got 21675  ->  21699
! got 21700  ->  21724
! got 21725  ->  21749
! got 21750  ->  21774
! got 21775  ->  21799
! got 21800  ->  21824
! got 21825  ->  21849
! got 21850  ->  21874
! got 21875  ->  21899
! got 21900  ->  21924
! got 21925  ->  21949
! got 21950  ->  21974
! got 21975  ->  21999
! got 22000  ->  22024
! got 22025  ->  22049
! got 22050  ->  22074
! got 22075  ->  22099
! got 22100  ->  22124
! got 22125  ->  22149
! got 22150  ->  22174
! got 22175  ->  22199
! got 22200  ->  22224
! got 22225  ->  22249
! got 22250  ->  22274
! got 22275  ->  22299
! got 22300  ->  22324
! got 22325  ->  22349
! got 22350  ->  22374
! got 22375  ->  22399
! got 22400  ->  22424
! got 22425  ->  22449
! got 22450  ->  22474
! got 22475  ->  22499
! got 22500  ->  22524
! got 22525  ->  22549
! got 22550  ->  22574
! got 22575  ->  22599
! got 22600  ->  22624
! got 22625  ->  22649
! got 22650  ->  22674
! got 22675  ->  22699
! got 22700  ->  22724
! got 22725  ->  22749
! got 22750  ->  22774
! got 22775  ->  22799
! got 22800  ->  22824
! got 22825  ->  22849
! got 22850  ->  22874
! got 22875  ->  22899
! got 22900  ->  22924
! got 22925  ->  22949
! got 22950  ->  22974
! got 22975  ->  22999
! got 23000  ->  23024
! got 23025  ->  23049
! got 23050  ->  23074
! got 23075  ->  23099
! got 23100  ->  23124
! got 23125  ->  23149
! got 23150  ->  23174
! got 23175  ->  23199
! got 23200  ->  23224
! got 23225  ->  23249
! got 23250  ->  23274
! got 23275  ->  23299
! got 23300  ->  23324
! got 23325  ->  23349
! got 23350  ->  23374
! got 23375  ->  23399
! got 23400  ->  23424
! got 23425  ->  23449
! got 23450  ->  23474
! got 23475  ->  23499
! got 23500  ->  23524
! got 23525  ->  23549
! got 23550  ->  23574
! got 23575  ->  23599
! got 23600  ->  23624
! got 23625  ->  23649
! got 23650  ->  23674
! got 23675  ->  23699
! got 23700  ->  23724
! got 23725  ->  23749
! got 23750  ->  23774
! got 23775  ->  23799
! got 23800  ->  23824
! got 23825  ->  23849
! got 23850  ->  23874
! got 23875  ->  23899
! got 23900  ->  23924
! got 23925  ->  23949
! got 23950  ->  23974
! got 23975  ->  23999
! got 24000  ->  24024
! got 24025  ->  24049
! got 24050  ->  24074
! got 24075  ->  24099
! got 24100  ->  24124
! got 24125  ->  24149
! got 24150  ->  24174
! got 24175  ->  24199
! got 24200  ->  24224
! got 24225  ->  24249
! got 24250  ->  24274
! got 24275  ->  24299
! got 24300  ->  24324
! got 24325  ->  24349
! got 24350  ->  24374
! got 24375  ->  24399
! got 24400  ->  24424
! got 24425  ->  24449
! got 24450  ->  24474
! got 24475  ->  24499
! got 24500  ->  24524
! got 24525  ->  24549
! got 24550  ->  24574
! got 24575  ->  24599
! got 24600  ->  24624
! got 24625  ->  24649
! got 24650  ->  24674
! got 24675  ->  24699
! got 24700  ->  24724
! got 24725  ->  24749
! got 24750  ->  24774
! got 24775  ->  24799
! got 24800  ->  24824
! got 24825  ->  24849
! got 24850  ->  24874
! got 24875  ->  24899
! got 24900  ->  24924
! got 24925  ->  24949
! got 24950  ->  24974
! got 24975  ->  24999
! got 25000  ->  25024
! got 25025  ->  25049
! got 25050  ->  25074
! got 25075  ->  25099
! got 25100  ->  25124
! got 25125  ->  25149
! got 25150  ->  25174
! got 25175  ->  25199
! got 25200  ->  25224
! got 25225  ->  25249
! got 25250  ->  25274
! got 25275  ->  25299
! got 25300  ->  25324
! got 25325  ->  25349
! got 25350  ->  25374
! got 25375  ->  25399
! got 25400  ->  25424
! got 25425  ->  25449
! got 25450  ->  25474
! got 25475  ->  25499
! got 25500  ->  25524
! got 25525  ->  25549
! got 25550  ->  25574
! got 25575  ->  25599
! got 25600  ->  25624
! got 25625  ->  25649
! got 25650  ->  25674
! got 25675  ->  25699
! got 25700  ->  25724
! got 25725  ->  25749
! got 25750  ->  25774
! got 25775  ->  25799
! got 25800  ->  25824
! got 25825  ->  25849
! got 25850  ->  25874
! got 25875  ->  25899
! got 25900  ->  25924
! got 25925  ->  25949
! got 25950  ->  25974
! got 25975  ->  25999
! got 26000  ->  26024
! got 26025  ->  26049
! got 26050  ->  26074
! got 26075  ->  26099
! got 26100  ->  26124
! got 26125  ->  26149
! got 26150  ->  26174
! got 26175  ->  26199
! got 26200  ->  26224
! got 26225  ->  26249
! got 26250  ->  26274
! got 26275  ->  26299
! got 26300  ->  26324
! got 26325  ->  26349
! got 26350  ->  26374
! got 26375  ->  26399
! got 26400  ->  26424
! got 26425  ->  26449
! got 26450  ->  26474
! got 26475  ->  26499
! got 26500  ->  26524
! got 26525  ->  26549
! got 26550  ->  26574
! got 26575  ->  26599
! got 26600  ->  26624
! got 26625  ->  26649
! got 26650  ->  26674
! got 26675  ->  26699
! got 26700  ->  26724
! got 26725  ->  26749
! got 26750  ->  26774
! got 26775  ->  26799
! got 26800  ->  26824
! got 26825  ->  26849
! got 26850  ->  26874
! got 26875  ->  26899
! got 26900  ->  26924
! got 26925  ->  26949
! got 26950  ->  26974
! got 26975  ->  26999
! got 27000  ->  27024
! got 27025  ->  27049
! got 27050  ->  27074
! got 27075  ->  27099
! got 27100  ->  27124
! got 27125  ->  27149
! got 27150  ->  27174
! got 27175  ->  27199
! got 27200  ->  27224
! got 27225  ->  27249
! got 27250  ->  27274
! got 27275  ->  27299
! got 27300  ->  27324
! got 27325  ->  27349
! got 27350  ->  27374
! got 27375  ->  27399
! got 27400  ->  27424
! got 27425  ->  27449
! got 27450  ->  27474
! got 27475  ->  27499
! got 27500  ->  27524
! got 27525  ->  27549
! got 27550  ->  27574
! got 27575  ->  27599
! got 27600  ->  27624
! got 27625  ->  27649
! got 27650  ->  27674
! got 27675  ->  27699
! got 27700  ->  27724
! got 27725  ->  27749
! got 27750  ->  27774
! got 27775  ->  27799
! got 27800  ->  27824
! got 27825  ->  27849
! got 27850  ->  27874
! got 27875  ->  27899
! got 27900  ->  27924
! got 27925  ->  27949
! got 27950  ->  27974
! got 27975  ->  27999
! got 28000  ->  28024
! got 28025  ->  28049
! got 28050  ->  28074
! got 28075  ->  28099
! got 28100  ->  28124
! got 28125  ->  28149
! got 28150  ->  28174
! got 28175  ->  28199
! got 28200  ->  28224
! got 28225  ->  28249
! got 28250  ->  28274
! got 28275  ->  28299
! got 28300  ->  28324
! got 28325  ->  28349
! got 28350  ->  28374
! got 28375  ->  28399
! got 28400  ->  28424
! got 28425  ->  28449
! got 28450  ->  28474
! got 28475  ->  28499
! got 28500  ->  28524
! got 28525  ->  28549
! got 28550  ->  28574
! got 28575  ->  28599
! got 28600  ->  28624
! got 28625  ->  28649
! got 28650  ->  28674
! got 28675  ->  28699
! got 28700  ->  28724
! got 28725  ->  28749
! got 28750  ->  28774
! got 28775  ->  28799
! got 28800  ->  28824
! got 28825  ->  28849
! got 28850  ->  28874
! got 28875  ->  28899
! got 28900  ->  28924
! got 28925  ->  28949
! got 28950  ->  28974
! got 28975  ->  28999
! got 29000  ->  29024
! got 29025  ->  29049
! got 29050  ->  29074
! got 29075  ->  29099
! got 29100  ->  29124
! got 29125  ->  29149
! got 29150  ->  29174
! got 29175  ->  29199
! got 29200  ->  29224
! got 29225  ->  29249
! got 29250  ->  29274
! got 29275  ->  29299
! got 29300  ->  29324
! got 29325  ->  29349
! got 29350  ->  29374
! got 29375  ->  29399
! got 29400  ->  29424
! got 29425  ->  29449
! got 29450  ->  29474
! got 29475  ->  29499
! got 29500  ->  29524
! got 29525  ->  29549
! got 29550  ->  29574
! got 29575  ->  29599
! got 29600  ->  29624
! got 29625  ->  29649
! got 29650  ->  29674
! got 29675  ->  29699
! got 29700  ->  29724
! got 29725  ->  29749
! got 29750  ->  29774
! got 29775  ->  29799
! got 29800  ->  29824
! got 29825  ->  29849
! got 29850  ->  29874
! got 29875  ->  29899
! got 29900  ->  29924
! got 29925  ->  29949
! got 29950  ->  29974
! got 29975  ->  29999
! got 30000  ->  30024
! got 30025  ->  30049
! got 30050  ->  30074
! got 30075  ->  30099
! got 30100  ->  30124
! got 30125  ->  30149
! got 30150  ->  30174
! got 30175  ->  30199
! got 30200  ->  30224
! got 30225  ->  30249
! got 30250  ->  30274
! got 30275  ->  30299
! got 30300  ->  30324
! got 30325  ->  30349
! got 30350  ->  30374
! got 30375  ->  30399
! got 30400  ->  30424
! got 30425  ->  30449
! got 30450  ->  30474
! got 30475  ->  30499
! got 30500  ->  30524
! got 30525  ->  30549
! got 30550  ->  30574
! got 30575  ->  30599
! got 30600  ->  30624
! got 30625  ->  30649
! got 30650  ->  30674
! got 30675  ->  30699
! got 30700  ->  30724
! got 30725  ->  30749
! got 30750  ->  30774
! got 30775  ->  30799
! got 30800  ->  30824
! got 30825  ->  30849
! got 30850  ->  30874
! got 30875  ->  30899
! got 30900  ->  30924
! got 30925  ->  30949
! got 30950  ->  30974
! got 30975  ->  30999
! got 31000  ->  31024
! got 31025  ->  31049
! got 31050  ->  31074
! got 31075  ->  31099
! got 31100  ->  31124
! got 31125  ->  31149
! got 31150  ->  31174
! got 31175  ->  31199
! got 31200  ->  31224
! got 31225  ->  31249
! got 31250  ->  31274
! got 31275  ->  31299
! got 31300  ->  31324
! got 31325  ->  31349
! got 31350  ->  31374
! got 31375  ->  31399
! got 31400  ->  31424
! got 31425  ->  31449
! got 31450  ->  31474
! got 31475  ->  31499
! got 31500  ->  31524
! got 31525  ->  31549
! got 31550  ->  31574
! got 31575  ->  31599
! got 31600  ->  31624
! got 31625  ->  31649
! got 31650  ->  31674
! got 31675  ->  31699
! got 31700  ->  31724
! got 31725  ->  31749
! got 31750  ->  31774
! got 31775  ->  31799
! got 31800  ->  31824
! got 31825  ->  31849
! got 31850  ->  31874
! got 31875  ->  31899
! got 31900  ->  31924
! got 31925  ->  31949
! got 31950  ->  31974
! got 31975  ->  31999
! got 32000  ->  32024
! got 32025  ->  32049
! got 32050  ->  32074
! got 32075  ->  32099
! got 32100  ->  32124
! got 32125  ->  32149
! got 32150  ->  32174
! got 32175  ->  32199
! got 32200  ->  32224
! got 32225  ->  32249
! got 32250  ->  32274
! got 32275  ->  32299
! got 32300  ->  32324
! got 32325  ->  32349
! got 32350  ->  32374
! got 32375  ->  32399
! got 32400  ->  32424
! got 32425  ->  32449
! got 32450  ->  32474
! got 32475  ->  32499
! got 32500  ->  32524
! got 32525  ->  32549
! got 32550  ->  32574
! got 32575  ->  32599
! got 32600  ->  32624
! got 32625  ->  32649
! got 32650  ->  32674
! got 32675  ->  32699
! got 32700  ->  32724
! got 32725  ->  32749
! got 32750  ->  32774
! got 32775  ->  32799
! got 32800  ->  32824
! got 32825  ->  32849
! got 32850  ->  32874
! got 32875  ->  32899
! got 32900  ->  32924
! got 32925  ->  32949
! got 32950  ->  32974
! got 32975  ->  32999
! got 33000  ->  33024
! got 33025  ->  33049
! got 33050  ->  33074
! got 33075  ->  33099
! got 33100  ->  33124
! got 33125  ->  33149
! got 33150  ->  33174
! got 33175  ->  33199
! got 33200  ->  33224
! got 33225  ->  33249
! got 33250  ->  33274
! got 33275  ->  33299
! got 33300  ->  33324
! got 33325  ->  33349
! got 33350  ->  33374
! got 33375  ->  33399
! got 33400  ->  33424
! got 33425  ->  33449
! got 33450  ->  33474
! got 33475  ->  33499
! got 33500  ->  33524
! got 33525  ->  33549
! got 33550  ->  33574
! got 33575  ->  33599
! got 33600  ->  33624
! got 33625  ->  33649
! got 33650  ->  33674
! got 33675  ->  33699
! got 33700  ->  33724
! got 33725  ->  33749
! got 33750  ->  33774
! got 33775  ->  33799
! got 33800  ->  33824
! got 33825  ->  33849
! got 33850  ->  33874
! got 33875  ->  33899
! got 33900  ->  33924
! got 33925  ->  33949
! got 33950  ->  33974
! got 33975  ->  33999
! got 34000  ->  34024
! got 34025  ->  34049
! got 34050  ->  34074
! got 34075  ->  34099
! got 34100  ->  34124
! got 34125  ->  34149
! got 34150  ->  34174
! got 34175  ->  34199
! got 34200  ->  34224
! got 34225  ->  34249
! got 34250  ->  34274
! got 34275  ->  34299
! got 34300  ->  34324
! got 34325  ->  34349
! got 34350  ->  34374
! got 34375  ->  34399
! got 34400  ->  34424
! got 34425  ->  34449
! got 34450  ->  34474
! got 34475  ->  34499
! got 34500  ->  34524
! got 34525  ->  34549
! got 34550  ->  34574
! got 34575  ->  34599
! got 34600  ->  34624
! got 34625  ->  34649
! got 34650  ->  34674
! got 34675  ->  34699
! got 34700  ->  34724
! got 34725  ->  34749
! got 34750  ->  34774
! got 34775  ->  34799
! got 34800  ->  34824
! got 34825  ->  34849
! got 34850  ->  34874
! got 34875  ->  34899
! got 34900  ->  34924
! got 34925  ->  34949
! got 34950  ->  34974
! got 34975  ->  34999
! got 35000  ->  35024
! got 35025  ->  35049
! got 35050  ->  35074
! got 35075  ->  35099
! got 35100  ->  35124
! got 35125  ->  35149
! got 35150  ->  35174
! got 35175  ->  35199
! got 35200  ->  35224
! got 35225  ->  35249
! got 35250  ->  35274
! got 35275  ->  35299
! got 35300  ->  35324
! got 35325  ->  35349
! got 35350  ->  35374
! got 35375  ->  35399
! got 35400  ->  35424
! got 35425  ->  35449
! got 35450  ->  35474
! got 35475  ->  35499
! got 35500  ->  35524
! got 35525  ->  35549
! got 35550  ->  35574
! got 35575  ->  35599
! got 35600  ->  35624
! got 35625  ->  35649
! got 35650  ->  35674
! got 35675  ->  35699
! got 35700  ->  35724
! got 35725  ->  35749
! got 35750  ->  35774
! got 35775  ->  35799
! got 35800  ->  35824
! got 35825  ->  35849
! got 35850  ->  35874
! got 35875  ->  35899
! got 35900  ->  35924
! got 35925  ->  35949
! got 35950  ->  35974
! got 35975  ->  35999
! got 36000  ->  36024
! got 36025  ->  36049
! got 36050  ->  36074
! got 36075  ->  36099
! got 36100  ->  36124
! got 36125  ->  36149
! got 36150  ->  36174
! got 36175  ->  36199
! got 36200  ->  36224
! got 36225  ->  36249
! got 36250  ->  36274
! got 36275  ->  36299
! got 36300  ->  36324
! got 36325  ->  36349
! got 36350  ->  36374
! got 36375  ->  36399
! got 36400  ->  36424
! got 36425  ->  36449
! got 36450  ->  36474
! got 36475  ->  36499
! got 36500  ->  36524
! got 36525  ->  36549
! got 36550  ->  36574
! got 36575  ->  36599
! got 36600  ->  36624
! got 36625  ->  36649
! got 36650  ->  36674
! got 36675  ->  36699
! got 36700  ->  36724
! got 36725  ->  36749
! got 36750  ->  36774
! got 36775  ->  36799
! got 36800  ->  36824
! got 36825  ->  36849
! got 36850  ->  36874
! got 36875  ->  36899
! got 36900  ->  36924
! got 36925  ->  36949
! got 36950  ->  36974
! got 36975  ->  36999
! got 37000  ->  37024
! got 37025  ->  37049
! got 37050  ->  37074
! got 37075  ->  37099
! got 37100  ->  37124
! got 37125  ->  37149
! got 37150  ->  37174
! got 37175  ->  37199
! got 37200  ->  37224
! got 37225  ->  37249
! got 37250  ->  37274
! got 37275  ->  37299
! got 37300  ->  37324
! got 37325  ->  37349
! got 37350  ->  37374
! got 37375  ->  37399
! got 37400  ->  37424
! got 37425  ->  37449
! got 37450  ->  37474
! got 37475  ->  37499
! got 37500  ->  37524
! got 37525  ->  37549
! got 37550  ->  37574
! got 37575  ->  37599
! got 37600  ->  37624
! got 37625  ->  37649
! got 37650  ->  37674
! got 37675  ->  37699
! got 37700  ->  37724
! got 37725  ->  37749
! got 37750  ->  37774
! got 37775  ->  37799
! got 37800  ->  37824
! got 37825  ->  37849
! got 37850  ->  37874
! got 37875  ->  37899
! got 37900  ->  37924
! got 37925  ->  37949
! got 37950  ->  37974
! got 37975  ->  37999
! got 38000  ->  38024
! got 38025  ->  38049
! got 38050  ->  38074
! got 38075  ->  38099
! got 38100  ->  38124
! got 38125  ->  38149
! got 38150  ->  38174
! got 38175  ->  38199
! got 38200  ->  38224
! got 38225  ->  38249
! got 38250  ->  38274
! got 38275  ->  38299
! got 38300  ->  38324
! got 38325  ->  38349
! got 38350  ->  38374
! got 38375  ->  38399
! got 38400  ->  38424
! got 38425  ->  38449
! got 38450  ->  38474
! got 38475  ->  38499
! got 38500  ->  38524
! got 38525  ->  38549
! got 38550  ->  38574
! got 38575  ->  38599
! got 38600  ->  38624
! got 38625  ->  38649
! got 38650  ->  38674
! got 38675  ->  38699
! got 38700  ->  38724
! got 38725  ->  38749
! got 38750  ->  38774
! got 38775  ->  38799
! got 38800  ->  38824
! got 38825  ->  38849
! got 38850  ->  38874
! got 38875  ->  38899
! got 38900  ->  38924
! got 38925  ->  38949
! got 38950  ->  38974
! got 38975  ->  38999
! got 39000  ->  39024
! got 39025  ->  39049
! got 39050  ->  39074
! got 39075  ->  39099
! got 39100  ->  39124
! got 39125  ->  39149
! got 39150  ->  39174
! got 39175  ->  39199
! got 39200  ->  39224
! got 39225  ->  39249
! got 39250  ->  39274
! got 39275  ->  39299
! got 39300  ->  39324
! got 39325  ->  39349
! got 39350  ->  39374
! got 39375  ->  39399
! got 39400  ->  39424
! got 39425  ->  39449
! got 39450  ->  39474
! got 39475  ->  39499
! got 39500  ->  39524
! got 39525  ->  39549
! got 39550  ->  39574
! got 39575  ->  39599
! got 39600  ->  39624
! got 39625  ->  39649
! got 39650  ->  39674
! got 39675  ->  39699
! got 39700  ->  39724
! got 39725  ->  39749
! got 39750  ->  39774
! got 39775  ->  39799
! got 39800  ->  39824
! got 39825  ->  39849
! got 39850  ->  39874
! got 39875  ->  39899
! got 39900  ->  39924
! got 39925  ->  39949
! got 39950  ->  39974
! got 39975  ->  39999
! got 40000  ->  40024
! got 40025  ->  40049
! got 40050  ->  40074
! got 40075  ->  40099
! got 40100  ->  40124
! got 40125  ->  40149
! got 40150  ->  40174
! got 40175  ->  40199
! got 40200  ->  40224
! got 40225  ->  40249
! got 40250  ->  40274
! got 40275  ->  40299
! got 40300  ->  40324
! got 40325  ->  40349
! got 40350  ->  40374
! got 40375  ->  40399
! got 40400  ->  40424
! got 40425  ->  40449
! got 40450  ->  40474
! got 40475  ->  40499
! got 40500  ->  40524
! got 40525  ->  40549
! got 40550  ->  40574
! got 40575  ->  40599
! got 40600  ->  40624
! got 40625  ->  40649
! got 40650  ->  40674
! got 40675  ->  40699
! got 40700  ->  40724
! got 40725  ->  40749
! got 40750  ->  40774
! got 40775  ->  40799
! got 40800  ->  40824
! got 40825  ->  40849
! got 40850  ->  40874
! got 40875  ->  40899
! got 40900  ->  40924
! got 40925  ->  40949
! got 40950  ->  40974
! got 40975  ->  40999
! got 41000  ->  41024
! got 41025  ->  41049
! got 41050  ->  41074
! got 41075  ->  41099
! got 41100  ->  41124
! got 41125  ->  41149
! got 41150  ->  41174
! got 41175  ->  41199
! got 41200  ->  41224
! got 41225  ->  41249
! got 41250  ->  41274
! got 41275  ->  41299
! got 41300  ->  41324
! got 41325  ->  41349
! got 41350  ->  41374
! got 41375  ->  41399
! got 41400  ->  41424
! got 41425  ->  41449
! got 41450  ->  41474
! got 41475  ->  41499
! got 41500  ->  41524
! got 41525  ->  41549
! got 41550  ->  41574
! got 41575  ->  41599
! got 41600  ->  41624
! got 41625  ->  41649
! got 41650  ->  41674
! got 41675  ->  41699
! got 41700  ->  41724
! got 41725  ->  41749
! got 41750  ->  41774
! got 41775  ->  41799
! got 41800  ->  41824
! got 41825  ->  41849
! got 41850  ->  41874
! got 41875  ->  41899
! got 41900  ->  41924
! got 41925  ->  41949
! got 41950  ->  41974
! got 41975  ->  41999
! got 42000  ->  42024
! got 42025  ->  42049
! got 42050  ->  42074
! got 42075  ->  42099
! got 42100  ->  42124
! got 42125  ->  42149
! got 42150  ->  42174
! got 42175  ->  42199
! got 42200  ->  42224
! got 42225  ->  42249
! got 42250  ->  42274
! got 42275  ->  42299
! got 42300  ->  42324
! got 42325  ->  42349
! got 42350  ->  42374
! got 42375  ->  42399
! got 42400  ->  42424
! got 42425  ->  42449
! got 42450  ->  42474
! got 42475  ->  42499
! got 42500  ->  42524
! got 42525  ->  42549
! got 42550  ->  42574
! got 42575  ->  42599
! got 42600  ->  42624
! got 42625  ->  42649
! got 42650  ->  42674
! got 42675  ->  42699
! got 42700  ->  42724
! got 42725  ->  42749
! got 42750  ->  42774
! got 42775  ->  42799
! got 42800  ->  42824
! got 42825  ->  42849
! got 42850  ->  42874
! got 42875  ->  42899
! got 42900  ->  42924
! got 42925  ->  42949
! got 42950  ->  42974
! got 42975  ->  42999
! got 43000  ->  43024
! got 43025  ->  43049
! got 43050  ->  43074
! got 43075  ->  43099
! got 43100  ->  43124
! got 43125  ->  43149
! got 43150  ->  43174
! got 43175  ->  43199
! got 43200  ->  43224
! got 43225  ->  43249
! got 43250  ->  43274
! got 43275  ->  43299
! got 43300  ->  43324
! got 43325  ->  43349
! got 43350  ->  43374
! got 43375  ->  43399
! got 43400  ->  43424
! got 43425  ->  43449
! got 43450  ->  43474
! got 43475  ->  43499
! got 43500  ->  43524
! got 43525  ->  43549
! got 43550  ->  43574
! got 43575  ->  43599
! got 43600  ->  43624
! got 43625  ->  43649
! got 43650  ->  43674
! got 43675  ->  43699
! got 43700  ->  43724
! got 43725  ->  43749
! got 43750  ->  43774
! got 43775  ->  43799
! got 43800  ->  43824
! got 43825  ->  43849
! got 43850  ->  43874
Error api.zed on 43885 refetching....
! got 43875  ->  43899
! got 43900  ->  43924
! got 43925  ->  43949
! got 43950  ->  43974
! got 43975  ->  43999
! got 44000  ->  44024
! got 44025  ->  44049
! got 44050  ->  44074
! got 44075  ->  44099
! got 44100  ->  44124
! got 44125  ->  44149
! got 44150  ->  44174
Error api.zed on 44180 refetching....
! got 44175  ->  44199
! got 44200  ->  44224
! got 44225  ->  44249
! got 44250  ->  44274
! got 44275  ->  44299
! got 44300  ->  44324
! got 44325  ->  44349
! got 44350  ->  44374
! got 44375  ->  44399
! got 44400  ->  44424
! got 44425  ->  44449
! got 44450  ->  44474
! got 44475  ->  44499
! got 44500  ->  44524
! got 44525  ->  44549
! got 44550  ->  44574
! got 44575  ->  44599
! got 44600  ->  44624
! got 44625  ->  44649
! got 44650  ->  44674
! got 44675  ->  44699
! got 44700  ->  44724
! got 44725  ->  44749
! got 44750  ->  44774
! got 44775  ->  44799
! got 44800  ->  44824
! got 44825  ->  44849
! got 44850  ->  44874
! got 44875  ->  44899
! got 44900  ->  44924
! got 44925  ->  44949
! got 44950  ->  44974
! got 44975  ->  44999
! got 45000  ->  45024
! got 45025  ->  45049
! got 45050  ->  45074
! got 45075  ->  45099
! got 45100  ->  45124
! got 45125  ->  45149
! got 45150  ->  45174
! got 45175  ->  45199
! got 45200  ->  45224
! got 45225  ->  45249
! got 45250  ->  45274
! got 45275  ->  45299
! got 45300  ->  45324
! got 45325  ->  45349
! got 45350  ->  45374
! got 45375  ->  45399
! got 45400  ->  45424
! got 45425  ->  45449
! got 45450  ->  45474
! got 45475  ->  45499
! got 45500  ->  45524
! got 45525  ->  45549
! got 45550  ->  45574
! got 45575  ->  45599
! got 45600  ->  45624
! got 45625  ->  45649
! got 45650  ->  45674
! got 45675  ->  45699
! got 45700  ->  45724
! got 45725  ->  45749
! got 45750  ->  45774
! got 45775  ->  45799
! got 45800  ->  45824
! got 45825  ->  45849
! got 45850  ->  45874
! got 45875  ->  45899
! got 45900  ->  45924
! got 45925  ->  45949
! got 45950  ->  45974
! got 45975  ->  45999
! got 46000  ->  46024
! got 46025  ->  46049
! got 46050  ->  46074
! got 46075  ->  46099
! got 46100  ->  46124
! got 46125  ->  46149
! got 46150  ->  46174
! got 46175  ->  46199
! got 46200  ->  46224
! got 46225  ->  46249
! got 46250  ->  46274
! got 46275  ->  46299
! got 46300  ->  46324
! got 46325  ->  46349
! got 46350  ->  46374
! got 46375  ->  46399
! got 46400  ->  46424
! got 46425  ->  46449
! got 46450  ->  46474
! got 46475  ->  46499
! got 46500  ->  46524
! got 46525  ->  46549
! got 46550  ->  46574
! got 46575  ->  46599
! got 46600  ->  46624
! got 46625  ->  46649
! got 46650  ->  46674
! got 46675  ->  46699
! got 46700  ->  46724
! got 46725  ->  46749
! got 46750  ->  46774
! got 46775  ->  46799
! got 46800  ->  46824
! got 46825  ->  46849
! got 46850  ->  46874
! got 46875  ->  46899
! got 46900  ->  46924
! got 46925  ->  46949
! got 46950  ->  46974
! got 46975  ->  46999
! got 47000  ->  47024
! got 47025  ->  47049
! got 47050  ->  47074
! got 47075  ->  47099
! got 47100  ->  47124
! got 47125  ->  47149
! got 47150  ->  47174
! got 47175  ->  47199
! got 47200  ->  47224
! got 47225  ->  47249
! got 47250  ->  47274
! got 47275  ->  47299
! got 47300  ->  47324
! got 47325  ->  47349
! got 47350  ->  47374
! got 47375  ->  47399
! got 47400  ->  47424
! got 47425  ->  47449
! got 47450  ->  47474
! got 47475  ->  47499
! got 47500  ->  47524
! got 47525  ->  47549
! got 47550  ->  47574
! got 47575  ->  47599
! got 47600  ->  47624
! got 47625  ->  47649
! got 47650  ->  47674
! got 47675  ->  47699
! got 47700  ->  47724
! got 47725  ->  47749
! got 47750  ->  47774
! got 47775  ->  47799
! got 47800  ->  47824
! got 47825  ->  47849
! got 47850  ->  47874
! got 47875  ->  47899
! got 47900  ->  47924
! got 47925  ->  47949
! got 47950  ->  47974
! got 47975  ->  47999
! got 48000  ->  48024
! got 48025  ->  48049
! got 48050  ->  48074
! got 48075  ->  48099
! got 48100  ->  48124
! got 48125  ->  48149
! got 48150  ->  48174
! got 48175  ->  48199
! got 48200  ->  48224
! got 48225  ->  48249
! got 48250  ->  48274
! got 48275  ->  48299
! got 48300  ->  48324
! got 48325  ->  48349
! got 48350  ->  48374
! got 48375  ->  48399
! got 48400  ->  48424
! got 48425  ->  48449
! got 48450  ->  48474
! got 48475  ->  48499
! got 48500  ->  48524
! got 48525  ->  48549
! got 48550  ->  48574
! got 48575  ->  48599
! got 48600  ->  48624
! got 48625  ->  48649
! got 48650  ->  48674
! got 48675  ->  48699
! got 48700  ->  48724
! got 48725  ->  48749
! got 48750  ->  48774
! got 48775  ->  48799
! got 48800  ->  48824
! got 48825  ->  48849
! got 48850  ->  48874
! got 48875  ->  48899
! got 48900  ->  48924
! got 48925  ->  48949
! got 48950  ->  48974
! got 48975  ->  48999
! got 49000  ->  49024
! got 49025  ->  49049
! got 49050  ->  49074
! got 49075  ->  49099
! got 49100  ->  49124
! got 49125  ->  49149
! got 49150  ->  49174
! got 49175  ->  49199
! got 49200  ->  49224
! got 49225  ->  49249
! got 49250  ->  49274
! got 49275  ->  49299
! got 49300  ->  49324
! got 49325  ->  49349
! got 49350  ->  49374
! got 49375  ->  49399
! got 49400  ->  49424
! got 49425  ->  49449
! got 49450  ->  49474
! got 49475  ->  49499
! got 49500  ->  49524
! got 49525  ->  49549
! got 49550  ->  49574
! got 49575  ->  49599
! got 49600  ->  49624
! got 49625  ->  49649
! got 49650  ->  49674
! got 49675  ->  49699
! got 49700  ->  49724
! got 49725  ->  49749
! got 49750  ->  49774
! got 49775  ->  49799
! got 49800  ->  49824
! got 49825  ->  49849
! got 49850  ->  49874
! got 49875  ->  49899
! got 49900  ->  49924
! got 49925  ->  49949
! got 49950  ->  49974
! got 49975  ->  49999
! got 50000  ->  50024
! got 50025  ->  50049
! got 50050  ->  50074
! got 50075  ->  50099
! got 50100  ->  50124
! got 50125  ->  50149
! got 50150  ->  50174
! got 50175  ->  50199
! got 50200  ->  50224
! got 50225  ->  50249
! got 50250  ->  50274
! got 50275  ->  50299
! got 50300  ->  50324
! got 50325  ->  50349
! got 50350  ->  50374
! got 50375  ->  50399
! got 50400  ->  50424
! got 50425  ->  50449
! got 50450  ->  50474
! got 50475  ->  50499
! got 50500  ->  50524
! got 50525  ->  50549
! got 50550  ->  50574
! got 50575  ->  50599
! got 50600  ->  50624
! got 50625  ->  50649
! got 50650  ->  50674
! got 50675  ->  50699
! got 50700  ->  50724
! got 50725  ->  50749
! got 50750  ->  50774
! got 50775  ->  50799
! got 50800  ->  50824
! got 50825  ->  50849
! got 50850  ->  50874
! got 50875  ->  50899
! got 50900  ->  50924
! got 50925  ->  50949
! got 50950  ->  50974
! got 50975  ->  50999
! got 51000  ->  51024
! got 51025  ->  51049
! got 51050  ->  51074
! got 51075  ->  51099
! got 51100  ->  51124
! got 51125  ->  51149
! got 51150  ->  51174
! got 51175  ->  51199
! got 51200  ->  51224
! got 51225  ->  51249
! got 51250  ->  51274
! got 51275  ->  51299
! got 51300  ->  51324
Error api.zed on 51329 refetching....
! got 51325  ->  51349
! got 51350  ->  51374
! got 51375  ->  51399
! got 51400  ->  51424
! got 51425  ->  51449
! got 51450  ->  51474
! got 51475  ->  51499
! got 51500  ->  51524
! got 51525  ->  51549
! got 51550  ->  51574
! got 51575  ->  51599
! got 51600  ->  51624
! got 51625  ->  51649
! got 51650  ->  51674
! got 51675  ->  51699
! got 51700  ->  51724
! got 51725  ->  51749
! got 51750  ->  51774
! got 51775  ->  51799
! got 51800  ->  51824
! got 51825  ->  51849
! got 51850  ->  51874
! got 51875  ->  51899
! got 51900  ->  51924
! got 51925  ->  51949
Error api.zed on 51954 refetching....
Error api.zed on 51963 refetching....
Error api.zed on 51956 refetching....
Error api.zed on 51957 refetching....
Error api.zed on 51952 refetching....
! got 51950  ->  51974
Error api.zed on 51988 refetching....
Error api.zed on 51992 refetching....
! got 51975  ->  51999
! got 52000  ->  52024
! got 52025  ->  52049
! got 52050  ->  52074
Error api.zed on 52077 refetching....
! got 52075  ->  52099
! got 52100  ->  52124
! got 52125  ->  52149
! got 52150  ->  52174
! got 52175  ->  52199
! got 52200  ->  52224
! got 52225  ->  52249
! got 52250  ->  52274
! got 52275  ->  52299
! got 52300  ->  52324
! got 52325  ->  52349
! got 52350  ->  52374
! got 52375  ->  52399
! got 52400  ->  52424
! got 52425  ->  52449
! got 52450  ->  52474
! got 52475  ->  52499
! got 52500  ->  52524
! got 52525  ->  52549
! got 52550  ->  52574
! got 52575  ->  52599
! got 52600  ->  52624
! got 52625  ->  52649
! got 52650  ->  52674
! got 52675  ->  52699
! got 52700  ->  52724
! got 52725  ->  52749
! got 52750  ->  52774
! got 52775  ->  52799
! got 52800  ->  52824
! got 52825  ->  52849
! got 52850  ->  52874
! got 52875  ->  52899
! got 52900  ->  52924
! got 52925  ->  52949
! got 52950  ->  52974
! got 52975  ->  52999
! got 53000  ->  53024
! got 53025  ->  53049
! got 53050  ->  53074
! got 53075  ->  53099
! got 53100  ->  53124
! got 53125  ->  53149
! got 53150  ->  53174
! got 53175  ->  53199
! got 53200  ->  53224
! got 53225  ->  53249
! got 53250  ->  53274
! got 53275  ->  53299
! got 53300  ->  53324
! got 53325  ->  53349
! got 53350  ->  53374
! got 53375  ->  53399
! got 53400  ->  53424
! got 53425  ->  53449
! got 53450  ->  53474
! got 53475  ->  53499
! got 53500  ->  53524
! got 53525  ->  53549
! got 53550  ->  53574
! got 53575  ->  53599
! got 53600  ->  53624
! got 53625  ->  53649
! got 53650  ->  53674
! got 53675  ->  53699
! got 53700  ->  53724
! got 53725  ->  53749
! got 53750  ->  53774
! got 53775  ->  53799
! got 53800  ->  53824
! got 53825  ->  53849
! got 53850  ->  53874
! got 53875  ->  53899
! got 53900  ->  53924
! got 53925  ->  53949
! got 53950  ->  53974
! got 53975  ->  53999
! got 54000  ->  54024
! got 54025  ->  54049
! got 54050  ->  54074
! got 54075  ->  54099
! got 54100  ->  54124
! got 54125  ->  54149
! got 54150  ->  54174
! got 54175  ->  54199
! got 54200  ->  54224
! got 54225  ->  54249
! got 54250  ->  54274
! got 54275  ->  54299
! got 54300  ->  54324
! got 54325  ->  54349
! got 54350  ->  54374
! got 54375  ->  54399
! got 54400  ->  54424
! got 54425  ->  54449
! got 54450  ->  54474
! got 54475  ->  54499
! got 54500  ->  54524
! got 54525  ->  54549
! got 54550  ->  54574
! got 54575  ->  54599
! got 54600  ->  54624
! got 54625  ->  54649
! got 54650  ->  54674
! got 54675  ->  54699
! got 54700  ->  54724
! got 54725  ->  54749
! got 54750  ->  54774
! got 54775  ->  54799
! got 54800  ->  54824
! got 54825  ->  54849
! got 54850  ->  54874
! got 54875  ->  54899
! got 54900  ->  54924
! got 54925  ->  54949
! got 54950  ->  54974
! got 54975  ->  54999
! got 55000  ->  55024
! got 55025  ->  55049
! got 55050  ->  55074
! got 55075  ->  55099
! got 55100  ->  55124
! got 55125  ->  55149
! got 55150  ->  55174
! got 55175  ->  55199
! got 55200  ->  55224
! got 55225  ->  55249
! got 55250  ->  55274
! got 55275  ->  55299
! got 55300  ->  55324
Error api.zed on 55336 refetching....
Error api.zed on 55337 refetching....
Error api.zed on 55342 refetching....
! got 55325  ->  55349
! got 55350  ->  55374
! got 55375  ->  55399
! got 55400  ->  55424
! got 55425  ->  55449
! got 55450  ->  55474
! got 55475  ->  55499
! got 55500  ->  55524
! got 55525  ->  55549
! got 55550  ->  55574
! got 55575  ->  55599
! got 55600  ->  55624
! got 55625  ->  55649
! got 55650  ->  55674
! got 55675  ->  55699
! got 55700  ->  55724
! got 55725  ->  55749
! got 55750  ->  55774
! got 55775  ->  55799
! got 55800  ->  55824
! got 55825  ->  55849
! got 55850  ->  55874
! got 55875  ->  55899
! got 55900  ->  55924
! got 55925  ->  55949
! got 55950  ->  55974
! got 55975  ->  55999
! got 56000  ->  56024
! got 56025  ->  56049
! got 56050  ->  56074
! got 56075  ->  56099
! got 56100  ->  56124
! got 56125  ->  56149
! got 56150  ->  56174
! got 56175  ->  56199
! got 56200  ->  56224
! got 56225  ->  56249
! got 56250  ->  56274
! got 56275  ->  56299
! got 56300  ->  56324
! got 56325  ->  56349
! got 56350  ->  56374
! got 56375  ->  56399
! got 56400  ->  56424
! got 56425  ->  56449
! got 56450  ->  56474
! got 56475  ->  56499
! got 56500  ->  56524
! got 56525  ->  56549
! got 56550  ->  56574
! got 56575  ->  56599
! got 56600  ->  56624
! got 56625  ->  56649
! got 56650  ->  56674
! got 56675  ->  56699
! got 56700  ->  56724
! got 56725  ->  56749
! got 56750  ->  56774
! got 56775  ->  56799
! got 56800  ->  56824
! got 56825  ->  56849
! got 56850  ->  56874
! got 56875  ->  56899
! got 56900  ->  56924
! got 56925  ->  56949
! got 56950  ->  56974
! got 56975  ->  56999
! got 57000  ->  57024
! got 57025  ->  57049
! got 57050  ->  57074
! got 57075  ->  57099
! got 57100  ->  57124
! got 57125  ->  57149
! got 57150  ->  57174
! got 57175  ->  57199
! got 57200  ->  57224
! got 57225  ->  57249
! got 57250  ->  57274
! got 57275  ->  57299
! got 57300  ->  57324
! got 57325  ->  57349
! got 57350  ->  57374
! got 57375  ->  57399
! got 57400  ->  57424
! got 57425  ->  57449
! got 57450  ->  57474
! got 57475  ->  57499
! got 57500  ->  57524
! got 57525  ->  57549
! got 57550  ->  57574
! got 57575  ->  57599
! got 57600  ->  57624
! got 57625  ->  57649
! got 57650  ->  57674
! got 57675  ->  57699
! got 57700  ->  57724
! got 57725  ->  57749
! got 57750  ->  57774
! got 57775  ->  57799
! got 57800  ->  57824
! got 57825  ->  57849
! got 57850  ->  57874
! got 57875  ->  57899
! got 57900  ->  57924
! got 57925  ->  57949
! got 57950  ->  57974
! got 57975  ->  57999
! got 58000  ->  58024
! got 58025  ->  58049
! got 58050  ->  58074
! got 58075  ->  58099
! got 58100  ->  58124
! got 58125  ->  58149
! got 58150  ->  58174
! got 58175  ->  58199
! got 58200  ->  58224
! got 58225  ->  58249
! got 58250  ->  58274
! got 58275  ->  58299
! got 58300  ->  58324
! got 58325  ->  58349
! got 58350  ->  58374
! got 58375  ->  58399
! got 58400  ->  58424
! got 58425  ->  58449
! got 58450  ->  58474
! got 58475  ->  58499
! got 58500  ->  58524
! got 58525  ->  58549
! got 58550  ->  58574
! got 58575  ->  58599
! got 58600  ->  58624
! got 58625  ->  58649
! got 58650  ->  58674
! got 58675  ->  58699
! got 58700  ->  58724
! got 58725  ->  58749
! got 58750  ->  58774
! got 58775  ->  58799
! got 58800  ->  58824
! got 58825  ->  58849
! got 58850  ->  58874
! got 58875  ->  58899
! got 58900  ->  58924
! got 58925  ->  58949
! got 58950  ->  58974
! got 58975  ->  58999
! got 59000  ->  59024
! got 59025  ->  59049
! got 59050  ->  59074
! got 59075  ->  59099
! got 59100  ->  59124
! got 59125  ->  59149
! got 59150  ->  59174
! got 59175  ->  59199
! got 59200  ->  59224
! got 59225  ->  59249
! got 59250  ->  59274
! got 59275  ->  59299
! got 59300  ->  59324
! got 59325  ->  59349
! got 59350  ->  59374
! got 59375  ->  59399
! got 59400  ->  59424
! got 59425  ->  59449
! got 59450  ->  59474
! got 59475  ->  59499
! got 59500  ->  59524
! got 59525  ->  59549
! got 59550  ->  59574
! got 59575  ->  59599
! got 59600  ->  59624
! got 59625  ->  59649
! got 59650  ->  59674
! got 59675  ->  59699
! got 59700  ->  59724
! got 59725  ->  59749
! got 59750  ->  59774
! got 59775  ->  59799
! got 59800  ->  59824
! got 59825  ->  59849
! got 59850  ->  59874
! got 59875  ->  59899
! got 59900  ->  59924
! got 59925  ->  59949
! got 59950  ->  59974
! got 59975  ->  59999
! got 60000  ->  60024
! got 60025  ->  60049
! got 60050  ->  60074
! got 60075  ->  60099
! got 60100  ->  60124
! got 60125  ->  60149
! got 60150  ->  60174
! got 60175  ->  60199
! got 60200  ->  60224
! got 60225  ->  60249
! got 60250  ->  60274
! got 60275  ->  60299
! got 60300  ->  60324
! got 60325  ->  60349
! got 60350  ->  60374
! got 60375  ->  60399
! got 60400  ->  60424
! got 60425  ->  60449
! got 60450  ->  60474
! got 60475  ->  60499
! got 60500  ->  60524
! got 60525  ->  60549
! got 60550  ->  60574
! got 60575  ->  60599
! got 60600  ->  60624
! got 60625  ->  60649
! got 60650  ->  60674
! got 60675  ->  60699
! got 60700  ->  60724
! got 60725  ->  60749
! got 60750  ->  60774
! got 60775  ->  60799
! got 60800  ->  60824
! got 60825  ->  60849
! got 60850  ->  60874
! got 60875  ->  60899
! got 60900  ->  60924
! got 60925  ->  60949
! got 60950  ->  60974
! got 60975  ->  60999
! got 61000  ->  61024
! got 61025  ->  61049
! got 61050  ->  61074
! got 61075  ->  61099
! got 61100  ->  61124
! got 61125  ->  61149
! got 61150  ->  61174
! got 61175  ->  61199
! got 61200  ->  61224
! got 61225  ->  61249
! got 61250  ->  61274
! got 61275  ->  61299
! got 61300  ->  61324
! got 61325  ->  61349
! got 61350  ->  61374
! got 61375  ->  61399
! got 61400  ->  61424
! got 61425  ->  61449
! got 61450  ->  61474
! got 61475  ->  61499
! got 61500  ->  61524
! got 61525  ->  61549
! got 61550  ->  61574
! got 61575  ->  61599
! got 61600  ->  61624
! got 61625  ->  61649
! got 61650  ->  61674
! got 61675  ->  61699
! got 61700  ->  61724
! got 61725  ->  61749
! got 61750  ->  61774
! got 61775  ->  61799
! got 61800  ->  61824
! got 61825  ->  61849
! got 61850  ->  61874
! got 61875  ->  61899
! got 61900  ->  61924
! got 61925  ->  61949
! got 61950  ->  61974
! got 61975  ->  61999
! got 62000  ->  62024
! got 62025  ->  62049
! got 62050  ->  62074
! got 62075  ->  62099
! got 62100  ->  62124
! got 62125  ->  62149
! got 62150  ->  62174
! got 62175  ->  62199
! got 62200  ->  62224
! got 62225  ->  62249
! got 62250  ->  62274
! got 62275  ->  62299
! got 62300  ->  62324
! got 62325  ->  62349
! got 62350  ->  62374
! got 62375  ->  62399
! got 62400  ->  62424
! got 62425  ->  62449
! got 62450  ->  62474
! got 62475  ->  62499
! got 62500  ->  62524
! got 62525  ->  62549
! got 62550  ->  62574
! got 62575  ->  62599
! got 62600  ->  62624
! got 62625  ->  62649
! got 62650  ->  62674
! got 62675  ->  62699
! got 62700  ->  62724
! got 62725  ->  62749
! got 62750  ->  62774
! got 62775  ->  62799
! got 62800  ->  62824
! got 62825  ->  62849
! got 62850  ->  62874
! got 62875  ->  62899
! got 62900  ->  62924
! got 62925  ->  62949
! got 62950  ->  62974
! got 62975  ->  62999
! got 63000  ->  63024
! got 63025  ->  63049
! got 63050  ->  63074
! got 63075  ->  63099
! got 63100  ->  63124
! got 63125  ->  63149
! got 63150  ->  63174
! got 63175  ->  63199
! got 63200  ->  63224
! got 63225  ->  63249
! got 63250  ->  63274
! got 63275  ->  63299
! got 63300  ->  63324
! got 63325  ->  63349
! got 63350  ->  63374
! got 63375  ->  63399
! got 63400  ->  63424
! got 63425  ->  63449
! got 63450  ->  63474
! got 63475  ->  63499
! got 63500  ->  63524
! got 63525  ->  63549
! got 63550  ->  63574
! got 63575  ->  63599
! got 63600  ->  63624
! got 63625  ->  63649
! got 63650  ->  63674
! got 63675  ->  63699
! got 63700  ->  63724
! got 63725  ->  63749
! got 63750  ->  63774
! got 63775  ->  63799
! got 63800  ->  63824
! got 63825  ->  63849
! got 63850  ->  63874
! got 63875  ->  63899
! got 63900  ->  63924
! got 63925  ->  63949
! got 63950  ->  63974
Error api.zed on 63997 refetching....
Error api.zed on 63998 refetching....
! got 63975  ->  63999
! got 64000  ->  64024
! got 64025  ->  64049
! got 64050  ->  64074
! got 64075  ->  64099
! got 64100  ->  64124
! got 64125  ->  64149
! got 64150  ->  64174
! got 64175  ->  64199
! got 64200  ->  64224
! got 64225  ->  64249
! got 64250  ->  64274
! got 64275  ->  64299
! got 64300  ->  64324
! got 64325  ->  64349
! got 64350  ->  64374
! got 64375  ->  64399
! got 64400  ->  64424
! got 64425  ->  64449
! got 64450  ->  64474
! got 64475  ->  64499
! got 64500  ->  64524
! got 64525  ->  64549
! got 64550  ->  64574
! got 64575  ->  64599
! got 64600  ->  64624
! got 64625  ->  64649
! got 64650  ->  64674
! got 64675  ->  64699
! got 64700  ->  64724
! got 64725  ->  64749
! got 64750  ->  64774
! got 64775  ->  64799
! got 64800  ->  64824
! got 64825  ->  64849
! got 64850  ->  64874
! got 64875  ->  64899
! got 64900  ->  64924
! got 64925  ->  64949
! got 64950  ->  64974
! got 64975  ->  64999
! got 65000  ->  65024
! got 65025  ->  65049
! got 65050  ->  65074
! got 65075  ->  65099
! got 65100  ->  65124
! got 65125  ->  65149
! got 65150  ->  65174
! got 65175  ->  65199
! got 65200  ->  65224
! got 65225  ->  65249
! got 65250  ->  65274
! got 65275  ->  65299
! got 65300  ->  65324
! got 65325  ->  65349
! got 65350  ->  65374
! got 65375  ->  65399
! got 65400  ->  65424
! got 65425  ->  65449
! got 65450  ->  65474
! got 65475  ->  65499
! got 65500  ->  65524
! got 65525  ->  65549
! got 65550  ->  65574
! got 65575  ->  65599
! got 65600  ->  65624
! got 65625  ->  65649
! got 65650  ->  65674
! got 65675  ->  65699
! got 65700  ->  65724
! got 65725  ->  65749
! got 65750  ->  65774
! got 65775  ->  65799
! got 65800  ->  65824
! got 65825  ->  65849
! got 65850  ->  65874
! got 65875  ->  65899
! got 65900  ->  65924
! got 65925  ->  65949
! got 65950  ->  65974
! got 65975  ->  65999
! got 66000  ->  66024
! got 66025  ->  66049
! got 66050  ->  66074
! got 66075  ->  66099
! got 66100  ->  66124
! got 66125  ->  66149
! got 66150  ->  66174
! got 66175  ->  66199
! got 66200  ->  66224
! got 66225  ->  66249
! got 66250  ->  66274
! got 66275  ->  66299
! got 66300  ->  66324
! got 66325  ->  66349
! got 66350  ->  66374
! got 66375  ->  66399
! got 66400  ->  66424
! got 66425  ->  66449
! got 66450  ->  66474
! got 66475  ->  66499
! got 66500  ->  66524
! got 66525  ->  66549
! got 66550  ->  66574
! got 66575  ->  66599
! got 66600  ->  66624
! got 66625  ->  66649
! got 66650  ->  66674
! got 66675  ->  66699
! got 66700  ->  66724
! got 66725  ->  66749
! got 66750  ->  66774
! got 66775  ->  66799
! got 66800  ->  66824
! got 66825  ->  66849
! got 66850  ->  66874
! got 66875  ->  66899
! got 66900  ->  66924
! got 66925  ->  66949
! got 66950  ->  66974
! got 66975  ->  66999
! got 67000  ->  67024
! got 67025  ->  67049
! got 67050  ->  67074
! got 67075  ->  67099
! got 67100  ->  67124
! got 67125  ->  67149
! got 67150  ->  67174
! got 67175  ->  67199
! got 67200  ->  67224
! got 67225  ->  67249
! got 67250  ->  67274
! got 67275  ->  67299
! got 67300  ->  67324
! got 67325  ->  67349
! got 67350  ->  67374
! got 67375  ->  67399
Error api.zed on 67415 refetching....
! got 67400  ->  67424
! got 67425  ->  67449
! got 67450  ->  67474
! got 67475  ->  67499
! got 67500  ->  67524
! got 67525  ->  67549
! got 67550  ->  67574
! got 67575  ->  67599
! got 67600  ->  67624
! got 67625  ->  67649
! got 67650  ->  67674
! got 67675  ->  67699
! got 67700  ->  67724
! got 67725  ->  67749
! got 67750  ->  67774
! got 67775  ->  67799
Error api.zed on 67813 refetching....
Error api.zed on 67815 refetching....
Error api.zed on 67819 refetching....
! got 67800  ->  67824
! got 67825  ->  67849
! got 67850  ->  67874
! got 67875  ->  67899
! got 67900  ->  67924
! got 67925  ->  67949
! got 67950  ->  67974
! got 67975  ->  67999
! got 68000  ->  68024
! got 68025  ->  68049
! got 68050  ->  68074
! got 68075  ->  68099
! got 68100  ->  68124
! got 68125  ->  68149
! got 68150  ->  68174
! got 68175  ->  68199
! got 68200  ->  68224
! got 68225  ->  68249
! got 68250  ->  68274
! got 68275  ->  68299
! got 68300  ->  68324
! got 68325  ->  68349
! got 68350  ->  68374
! got 68375  ->  68399
! got 68400  ->  68424
! got 68425  ->  68449
! got 68450  ->  68474
! got 68475  ->  68499
! got 68500  ->  68524
! got 68525  ->  68549
! got 68550  ->  68574
! got 68575  ->  68599
! got 68600  ->  68624
! got 68625  ->  68649
! got 68650  ->  68674
! got 68675  ->  68699
! got 68700  ->  68724
! got 68725  ->  68749
! got 68750  ->  68774
! got 68775  ->  68799
! got 68800  ->  68824
! got 68825  ->  68849
! got 68850  ->  68874
! got 68875  ->  68899
! got 68900  ->  68924
! got 68925  ->  68949
! got 68950  ->  68974
! got 68975  ->  68999
! got 69000  ->  69024
! got 69025  ->  69049
! got 69050  ->  69074
! got 69075  ->  69099
! got 69100  ->  69124
! got 69125  ->  69149
! got 69150  ->  69174
! got 69175  ->  69199
! got 69200  ->  69224
! got 69225  ->  69249
! got 69250  ->  69274
! got 69275  ->  69299
! got 69300  ->  69324
! got 69325  ->  69349
! got 69350  ->  69374
! got 69375  ->  69399
! got 69400  ->  69424
! got 69425  ->  69449
! got 69450  ->  69474
! got 69475  ->  69499
! got 69500  ->  69524
! got 69525  ->  69549
! got 69550  ->  69574
! got 69575  ->  69599
! got 69600  ->  69624
! got 69625  ->  69649
! got 69650  ->  69674
! got 69675  ->  69699
! got 69700  ->  69724
! got 69725  ->  69749
! got 69750  ->  69774
! got 69775  ->  69799
! got 69800  ->  69824
! got 69825  ->  69849
! got 69850  ->  69874
! got 69875  ->  69899
! got 69900  ->  69924
! got 69925  ->  69949
! got 69950  ->  69974
! got 69975  ->  69999
! got 70000  ->  70024
! got 70025  ->  70049
! got 70050  ->  70074
! got 70075  ->  70099
! got 70100  ->  70124
! got 70125  ->  70149
! got 70150  ->  70174
! got 70175  ->  70199
! got 70200  ->  70224
! got 70225  ->  70249
! got 70250  ->  70274
! got 70275  ->  70299
! got 70300  ->  70324
! got 70325  ->  70349
! got 70350  ->  70374
! got 70375  ->  70399
! got 70400  ->  70424
! got 70425  ->  70449
! got 70450  ->  70474
! got 70475  ->  70499
! got 70500  ->  70524
! got 70525  ->  70549
! got 70550  ->  70574
! got 70575  ->  70599
! got 70600  ->  70624
! got 70625  ->  70649
! got 70650  ->  70674
! got 70675  ->  70699
! got 70700  ->  70724
! got 70725  ->  70749
! got 70750  ->  70774
! got 70775  ->  70799
! got 70800  ->  70824
! got 70825  ->  70849
! got 70850  ->  70874
! got 70875  ->  70899
! got 70900  ->  70924
! got 70925  ->  70949
! got 70950  ->  70974
! got 70975  ->  70999
! got 71000  ->  71024
! got 71025  ->  71049
! got 71050  ->  71074
! got 71075  ->  71099
! got 71100  ->  71124
! got 71125  ->  71149
! got 71150  ->  71174
! got 71175  ->  71199
! got 71200  ->  71224
! got 71225  ->  71249
! got 71250  ->  71274
! got 71275  ->  71299
! got 71300  ->  71324
! got 71325  ->  71349
! got 71350  ->  71374
! got 71375  ->  71399
! got 71400  ->  71424
! got 71425  ->  71449
! got 71450  ->  71474
! got 71475  ->  71499
! got 71500  ->  71524
! got 71525  ->  71549
! got 71550  ->  71574
! got 71575  ->  71599
! got 71600  ->  71624
! got 71625  ->  71649
! got 71650  ->  71674
! got 71675  ->  71699
! got 71700  ->  71724
! got 71725  ->  71749
! got 71750  ->  71774
! got 71775  ->  71799
! got 71800  ->  71824
! got 71825  ->  71849
! got 71850  ->  71874
! got 71875  ->  71899
! got 71900  ->  71924
! got 71925  ->  71949
! got 71950  ->  71974
! got 71975  ->  71999
! got 72000  ->  72024
! got 72025  ->  72049
! got 72050  ->  72074
! got 72075  ->  72099
! got 72100  ->  72124
! got 72125  ->  72149
! got 72150  ->  72174
! got 72175  ->  72199
! got 72200  ->  72224
! got 72225  ->  72249
! got 72250  ->  72274
! got 72275  ->  72299
! got 72300  ->  72324
! got 72325  ->  72349
! got 72350  ->  72374
! got 72375  ->  72399
! got 72400  ->  72424
! got 72425  ->  72449
! got 72450  ->  72474
! got 72475  ->  72499
! got 72500  ->  72524
! got 72525  ->  72549
! got 72550  ->  72574
! got 72575  ->  72599
! got 72600  ->  72624
! got 72625  ->  72649
! got 72650  ->  72674
! got 72675  ->  72699
! got 72700  ->  72724
! got 72725  ->  72749
! got 72750  ->  72774
! got 72775  ->  72799
! got 72800  ->  72824
! got 72825  ->  72849
! got 72850  ->  72874
! got 72875  ->  72899
! got 72900  ->  72924
! got 72925  ->  72949
! got 72950  ->  72974
! got 72975  ->  72999
! got 73000  ->  73024
! got 73025  ->  73049
! got 73050  ->  73074
! got 73075  ->  73099
! got 73100  ->  73124
! got 73125  ->  73149
! got 73150  ->  73174
! got 73175  ->  73199
! got 73200  ->  73224
! got 73225  ->  73249
! got 73250  ->  73274
! got 73275  ->  73299
! got 73300  ->  73324
! got 73325  ->  73349
! got 73350  ->  73374
! got 73375  ->  73399
! got 73400  ->  73424
! got 73425  ->  73449
! got 73450  ->  73474
! got 73475  ->  73499
! got 73500  ->  73524
! got 73525  ->  73549
! got 73550  ->  73574
! got 73575  ->  73599
! got 73600  ->  73624
! got 73625  ->  73649
! got 73650  ->  73674
! got 73675  ->  73699
! got 73700  ->  73724
! got 73725  ->  73749
! got 73750  ->  73774
! got 73775  ->  73799
! got 73800  ->  73824
! got 73825  ->  73849
! got 73850  ->  73874
! got 73875  ->  73899
! got 73900  ->  73924
! got 73925  ->  73949
! got 73950  ->  73974
! got 73975  ->  73999
! got 74000  ->  74024
! got 74025  ->  74049
Error api.zed on 74051 refetching....
Error api.zed on 74063 refetching....
! got 74050  ->  74074
! got 74075  ->  74099
! got 74100  ->  74124
! got 74125  ->  74149
! got 74150  ->  74174
! got 74175  ->  74199
! got 74200  ->  74224
! got 74225  ->  74249
! got 74250  ->  74274
! got 74275  ->  74299
! got 74300  ->  74324
! got 74325  ->  74349
! got 74350  ->  74374
! got 74375  ->  74399
! got 74400  ->  74424
! got 74425  ->  74449
! got 74450  ->  74474
! got 74475  ->  74499
! got 74500  ->  74524
! got 74525  ->  74549
! got 74550  ->  74574
! got 74575  ->  74599
! got 74600  ->  74624
! got 74625  ->  74649
! got 74650  ->  74674
! got 74675  ->  74699
! got 74700  ->  74724
! got 74725  ->  74749
! got 74750  ->  74774
! got 74775  ->  74799
! got 74800  ->  74824
Error api.zed on 74828 refetching....
! got 74825  ->  74849
! got 74850  ->  74874
! got 74875  ->  74899
! got 74900  ->  74924
! got 74925  ->  74949
! got 74950  ->  74974
! got 74975  ->  74999
! got 75000  ->  75024
! got 75025  ->  75049
! got 75050  ->  75074
! got 75075  ->  75099
! got 75100  ->  75124
! got 75125  ->  75149
! got 75150  ->  75174
! got 75175  ->  75199
! got 75200  ->  75224
! got 75225  ->  75249
! got 75250  ->  75274
! got 75275  ->  75299
! got 75300  ->  75324
! got 75325  ->  75349
! got 75350  ->  75374
! got 75375  ->  75399
! got 75400  ->  75424
! got 75425  ->  75449
! got 75450  ->  75474
! got 75475  ->  75499
! got 75500  ->  75524
! got 75525  ->  75549
! got 75550  ->  75574
! got 75575  ->  75599
! got 75600  ->  75624
! got 75625  ->  75649
! got 75650  ->  75674
! got 75675  ->  75699
! got 75700  ->  75724
! got 75725  ->  75749
! got 75750  ->  75774
! got 75775  ->  75799
! got 75800  ->  75824
! got 75825  ->  75849
! got 75850  ->  75874
! got 75875  ->  75899
! got 75900  ->  75924
! got 75925  ->  75949
! got 75950  ->  75974
! got 75975  ->  75999
! got 76000  ->  76024
! got 76025  ->  76049
! got 76050  ->  76074
! got 76075  ->  76099
! got 76100  ->  76124
! got 76125  ->  76149
! got 76150  ->  76174
! got 76175  ->  76199
! got 76200  ->  76224
! got 76225  ->  76249
! got 76250  ->  76274
! got 76275  ->  76299
! got 76300  ->  76324
! got 76325  ->  76349
! got 76350  ->  76374
! got 76375  ->  76399
! got 76400  ->  76424
! got 76425  ->  76449
! got 76450  ->  76474
! got 76475  ->  76499
! got 76500  ->  76524
! got 76525  ->  76549
! got 76550  ->  76574
! got 76575  ->  76599
! got 76600  ->  76624
! got 76625  ->  76649
! got 76650  ->  76674
! got 76675  ->  76699
! got 76700  ->  76724
! got 76725  ->  76749
! got 76750  ->  76774
! got 76775  ->  76799
! got 76800  ->  76824
! got 76825  ->  76849
! got 76850  ->  76874
! got 76875  ->  76899
! got 76900  ->  76924
! got 76925  ->  76949
! got 76950  ->  76974
! got 76975  ->  76999
! got 77000  ->  77024
! got 77025  ->  77049
! got 77050  ->  77074
! got 77075  ->  77099
Error api.zed on 77122 refetching....
! got 77100  ->  77124
! got 77125  ->  77149
! got 77150  ->  77174
! got 77175  ->  77199
! got 77200  ->  77224
! got 77225  ->  77249
! got 77250  ->  77274
! got 77275  ->  77299
! got 77300  ->  77324
! got 77325  ->  77349
! got 77350  ->  77374
! got 77375  ->  77399
! got 77400  ->  77424
! got 77425  ->  77449
! got 77450  ->  77474
! got 77475  ->  77499
! got 77500  ->  77524
! got 77525  ->  77549
! got 77550  ->  77574
! got 77575  ->  77599
! got 77600  ->  77624
! got 77625  ->  77649
! got 77650  ->  77674
! got 77675  ->  77699
! got 77700  ->  77724
! got 77725  ->  77749
! got 77750  ->  77774
! got 77775  ->  77799
! got 77800  ->  77824
! got 77825  ->  77849
! got 77850  ->  77874
! got 77875  ->  77899
! got 77900  ->  77924
! got 77925  ->  77949
! got 77950  ->  77974
! got 77975  ->  77999
! got 78000  ->  78024
! got 78025  ->  78049
! got 78050  ->  78074
! got 78075  ->  78099
! got 78100  ->  78124
! got 78125  ->  78149
! got 78150  ->  78174
! got 78175  ->  78199
! got 78200  ->  78224
! got 78225  ->  78249
! got 78250  ->  78274
! got 78275  ->  78299
! got 78300  ->  78324
! got 78325  ->  78349
! got 78350  ->  78374
! got 78375  ->  78399
! got 78400  ->  78424
! got 78425  ->  78449
! got 78450  ->  78474
! got 78475  ->  78499
! got 78500  ->  78524
! got 78525  ->  78549
! got 78550  ->  78574
! got 78575  ->  78599
! got 78600  ->  78624
! got 78625  ->  78649
! got 78650  ->  78674
! got 78675  ->  78699
! got 78700  ->  78724
! got 78725  ->  78749
! got 78750  ->  78774
! got 78775  ->  78799
! got 78800  ->  78824
! got 78825  ->  78849
! got 78850  ->  78874
! got 78875  ->  78899
! got 78900  ->  78924
! got 78925  ->  78949
! got 78950  ->  78974
! got 78975  ->  78999
! got 79000  ->  79024
! got 79025  ->  79049
! got 79050  ->  79074
! got 79075  ->  79099
! got 79100  ->  79124
! got 79125  ->  79149
! got 79150  ->  79174
! got 79175  ->  79199
! got 79200  ->  79224
! got 79225  ->  79249
! got 79250  ->  79274
! got 79275  ->  79299
! got 79300  ->  79324
! got 79325  ->  79349
! got 79350  ->  79374
! got 79375  ->  79399
! got 79400  ->  79424
! got 79425  ->  79449
! got 79450  ->  79474
! got 79475  ->  79499
! got 79500  ->  79524
! got 79525  ->  79549
! got 79550  ->  79574
! got 79575  ->  79599
! got 79600  ->  79624
! got 79625  ->  79649
! got 79650  ->  79674
! got 79675  ->  79699
! got 79700  ->  79724
! got 79725  ->  79749
! got 79750  ->  79774
! got 79775  ->  79799
! got 79800  ->  79824
! got 79825  ->  79849
! got 79850  ->  79874
! got 79875  ->  79899
! got 79900  ->  79924
! got 79925  ->  79949
! got 79950  ->  79974
! got 79975  ->  79999
! got 80000  ->  80024
! got 80025  ->  80049
! got 80050  ->  80074
! got 80075  ->  80099
! got 80100  ->  80124
! got 80125  ->  80149
! got 80150  ->  80174
! got 80175  ->  80199
! got 80200  ->  80224
! got 80225  ->  80249
! got 80250  ->  80274
! got 80275  ->  80299
! got 80300  ->  80324
! got 80325  ->  80349
! got 80350  ->  80374
! got 80375  ->  80399
! got 80400  ->  80424
! got 80425  ->  80449
! got 80450  ->  80474
! got 80475  ->  80499
! got 80500  ->  80524
! got 80525  ->  80549
! got 80550  ->  80574
! got 80575  ->  80599
! got 80600  ->  80624
! got 80625  ->  80649
! got 80650  ->  80674
! got 80675  ->  80699
! got 80700  ->  80724
! got 80725  ->  80749
! got 80750  ->  80774
! got 80775  ->  80799
! got 80800  ->  80824
! got 80825  ->  80849
! got 80850  ->  80874
! got 80875  ->  80899
! got 80900  ->  80924
! got 80925  ->  80949
! got 80950  ->  80974
! got 80975  ->  80999
! got 81000  ->  81024
! got 81025  ->  81049
! got 81050  ->  81074
! got 81075  ->  81099
! got 81100  ->  81124
! got 81125  ->  81149
! got 81150  ->  81174
! got 81175  ->  81199
! got 81200  ->  81224
! got 81225  ->  81249
! got 81250  ->  81274
! got 81275  ->  81299
! got 81300  ->  81324
! got 81325  ->  81349
! got 81350  ->  81374
! got 81375  ->  81399
! got 81400  ->  81424
! got 81425  ->  81449
! got 81450  ->  81474
! got 81475  ->  81499
! got 81500  ->  81524
! got 81525  ->  81549
! got 81550  ->  81574
! got 81575  ->  81599
! got 81600  ->  81624
! got 81625  ->  81649
! got 81650  ->  81674
! got 81675  ->  81699
! got 81700  ->  81724
! got 81725  ->  81749
! got 81750  ->  81774
! got 81775  ->  81799
! got 81800  ->  81824
! got 81825  ->  81849
! got 81850  ->  81874
! got 81875  ->  81899
! got 81900  ->  81924
! got 81925  ->  81949
! got 81950  ->  81974
! got 81975  ->  81999
! got 82000  ->  82024
! got 82025  ->  82049
! got 82050  ->  82074
! got 82075  ->  82099
! got 82100  ->  82124
! got 82125  ->  82149
! got 82150  ->  82174
! got 82175  ->  82199
! got 82200  ->  82224
! got 82225  ->  82249
! got 82250  ->  82274
# hid: 82296 empty_horse
# hid: 82295 empty_horse
! got 82275  ->  82299
# hid: 82302 empty_horse
# hid: 82303 empty_horse
! got 82300  ->  82324
! got 82325  ->  82349
! got 82350  ->  82374
# hid: 82380 empty_horse
# hid: 82381 empty_horse
# hid: 82382 empty_horse
# hid: 82384 empty_horse
# hid: 82385 empty_horse
# hid: 82383 empty_horse
# hid: 82386 empty_horse
! got 82375  ->  82399
# hid: 82420 empty_horse
# hid: 82421 empty_horse
# hid: 82423 empty_horse
# hid: 82424 empty_horse
# hid: 82422 empty_horse
! got 82400  ->  82424
# hid: 82427 empty_horse
# hid: 82426 empty_horse
# hid: 82425 empty_horse
# hid: 82428 empty_horse
# hid: 82430 empty_horse
# hid: 82435 empty_horse
# hid: 82436 empty_horse
# hid: 82431 empty_horse
# hid: 82433 empty_horse
# hid: 82437 empty_horse
# hid: 82440 empty_horse
# hid: 82439 empty_horse
# hid: 82442 empty_horse
# hid: 82443 empty_horse
# hid: 82444 empty_horse
# hid: 82441 empty_horse
# hid: 82447 empty_horse
# hid: 82445 empty_horse
# hid: 82446 empty_horse
# hid: 82429 empty_horse
# hid: 82432 empty_horse
! got 82425  ->  82449
# hid: 82452 empty_horse
# hid: 82455 empty_horse
# hid: 82456 empty_horse
# hid: 82458 empty_horse
# hid: 82457 empty_horse
# hid: 82467 empty_horse
# hid: 82464 empty_horse
# hid: 82468 empty_horse
# hid: 82473 empty_horse
# hid: 82471 empty_horse
# hid: 82454 empty_horse
# hid: 82472 empty_horse
! got 82450  ->  82474
# hid: 82477 empty_horse
# hid: 82478 empty_horse
# hid: 82484 empty_horse
! got 82475  ->  82499
! got 82500  ->  82524
! got 82525  ->  82549
! got 82550  ->  82574
! got 82575  ->  82599
! got 82600  ->  82624
! got 82625  ->  82649
! got 82650  ->  82674
! got 82675  ->  82699
! got 82700  ->  82724
! got 82725  ->  82749
! got 82750  ->  82774
! got 82775  ->  82799
! got 82800  ->  82824
! got 82825  ->  82849
! got 82850  ->  82874
! got 82875  ->  82899
! got 82900  ->  82924
! got 82925  ->  82949
! got 82950  ->  82974
! got 82975  ->  82999
! got 83000  ->  83024
! got 83025  ->  83049
! got 83050  ->  83074
! got 83075  ->  83099
! got 83100  ->  83124
! got 83125  ->  83149
! got 83150  ->  83174
! got 83175  ->  83199
! got 83200  ->  83224
! got 83225  ->  83249
! got 83250  ->  83274
! got 83275  ->  83299
! got 83300  ->  83324
! got 83325  ->  83349
! got 83350  ->  83374
! got 83375  ->  83399
! got 83400  ->  83424
! got 83425  ->  83449
! got 83450  ->  83474
! got 83475  ->  83499
! got 83500  ->  83524
! got 83525  ->  83549
! got 83550  ->  83574
! got 83575  ->  83599
! got 83600  ->  83624
! got 83625  ->  83649
! got 83650  ->  83674
! got 83675  ->  83699
! got 83700  ->  83724
! got 83725  ->  83749
! got 83750  ->  83774
! got 83775  ->  83799
! got 83800  ->  83824
! got 83825  ->  83849
! got 83850  ->  83874
! got 83875  ->  83899
! got 83900  ->  83924
! got 83925  ->  83949
! got 83950  ->  83974
! got 83975  ->  83999
! got 84000  ->  84024
! got 84025  ->  84049
! got 84050  ->  84074
! got 84075  ->  84099
! got 84100  ->  84124
! got 84125  ->  84149
! got 84150  ->  84174
! got 84175  ->  84199
! got 84200  ->  84224
! got 84225  ->  84249
! got 84250  ->  84274
! got 84275  ->  84299
! got 84300  ->  84324
! got 84325  ->  84349
! got 84350  ->  84374
Error api.zed on 84380 refetching....
! got 84375  ->  84399
! got 84400  ->  84424
! got 84425  ->  84449
! got 84450  ->  84474
! got 84475  ->  84499
! got 84500  ->  84524
! got 84525  ->  84549
! got 84550  ->  84574
! got 84575  ->  84599
Error api.zed on 84616 refetching....
Error api.zed on 84615 refetching....
! got 84600  ->  84624
! got 84625  ->  84649
! got 84650  ->  84674
! got 84675  ->  84699
! got 84700  ->  84724
! got 84725  ->  84749
# hid: 84757 empty_horse
! got 84750  ->  84774
! got 84775  ->  84799
! got 84800  ->  84824
! got 84825  ->  84849
! got 84850  ->  84874
! got 84875  ->  84899
! got 84900  ->  84924
# hid: 84929 empty_horse
! got 84925  ->  84949
! got 84950  ->  84974
# hid: 84980 empty_horse
! got 84975  ->  84999
! got 85000  ->  85024
# hid: 85040 empty_horse
# hid: 85044 empty_horse
# hid: 85045 empty_horse
# hid: 85042 empty_horse
# hid: 85043 empty_horse
# hid: 85046 empty_horse
# hid: 85047 empty_horse
# hid: 85048 empty_horse
# hid: 85049 empty_horse
# hid: 85041 empty_horse
! got 85025  ->  85049
# hid: 85050 empty_horse
# hid: 85051 empty_horse
# hid: 85053 empty_horse
# hid: 85054 empty_horse
# hid: 85055 empty_horse
# hid: 85057 empty_horse
# hid: 85056 empty_horse
# hid: 85058 empty_horse
# hid: 85059 empty_horse
# hid: 85062 empty_horse
# hid: 85060 empty_horse
# hid: 85063 empty_horse
# hid: 85061 empty_horse
# hid: 85065 empty_horse
# hid: 85064 empty_horse
# hid: 85067 empty_horse
# hid: 85068 empty_horse
# hid: 85069 empty_horse
# hid: 85070 empty_horse
# hid: 85071 empty_horse
# hid: 85072 empty_horse
# hid: 85073 empty_horse
# hid: 85074 empty_horse
# hid: 85052 empty_horse
# hid: 85066 empty_horse
! got 85050  ->  85074
# hid: 85075 empty_horse
# hid: 85076 empty_horse
# hid: 85077 empty_horse
# hid: 85079 empty_horse
# hid: 85080 empty_horse
# hid: 85081 empty_horse
# hid: 85082 empty_horse
# hid: 85086 empty_horse
# hid: 85084 empty_horse
# hid: 85087 empty_horse
# hid: 85090 empty_horse
# hid: 85088 empty_horse
# hid: 85092 empty_horse
# hid: 85093 empty_horse
# hid: 85089 empty_horse
# hid: 85091 empty_horse
# hid: 85095 empty_horse
# hid: 85094 empty_horse
# hid: 85096 empty_horse
# hid: 85098 empty_horse
# hid: 85099 empty_horse
# hid: 85078 empty_horse
# hid: 85083 empty_horse
# hid: 85085 empty_horse
# hid: 85097 empty_horse
! got 85075  ->  85099
# hid: 85100 empty_horse
# hid: 85101 empty_horse
# hid: 85104 empty_horse
# hid: 85105 empty_horse
# hid: 85102 empty_horse
# hid: 85103 empty_horse
# hid: 85107 empty_horse
# hid: 85106 empty_horse
# hid: 85108 empty_horse
# hid: 85111 empty_horse
# hid: 85112 empty_horse
# hid: 85110 empty_horse
# hid: 85114 empty_horse
# hid: 85113 empty_horse
# hid: 85116 empty_horse
# hid: 85117 empty_horse
# hid: 85115 empty_horse
# hid: 85119 empty_horse
# hid: 85118 empty_horse
# hid: 85122 empty_horse
# hid: 85120 empty_horse
# hid: 85121 empty_horse
# hid: 85123 empty_horse
# hid: 85109 empty_horse
# hid: 85124 empty_horse
! got 85100  ->  85124
# hid: 85127 empty_horse
# hid: 85128 empty_horse
# hid: 85126 empty_horse
# hid: 85125 empty_horse
# hid: 85131 empty_horse
# hid: 85132 empty_horse
# hid: 85129 empty_horse
# hid: 85130 empty_horse
# hid: 85133 empty_horse
! got 85125  ->  85149
! got 85150  ->  85174
! got 85175  ->  85199
! got 85200  ->  85224
! got 85225  ->  85249
! got 85250  ->  85274
! got 85275  ->  85299
! got 85300  ->  85324
! got 85325  ->  85349
! got 85350  ->  85374
! got 85375  ->  85399
! got 85400  ->  85424
! got 85425  ->  85449
! got 85450  ->  85474
! got 85475  ->  85499
! got 85500  ->  85524
! got 85525  ->  85549
! got 85550  ->  85574
! got 85575  ->  85599
! got 85600  ->  85624
! got 85625  ->  85649
! got 85650  ->  85674
! got 85675  ->  85699
! got 85700  ->  85724
! got 85725  ->  85749
! got 85750  ->  85774
! got 85775  ->  85799
! got 85800  ->  85824
! got 85825  ->  85849
! got 85850  ->  85874
! got 85875  ->  85899
! got 85900  ->  85924
! got 85925  ->  85949
! got 85950  ->  85974
! got 85975  ->  85999
! got 86000  ->  86024
! got 86025  ->  86049
! got 86050  ->  86074
! got 86075  ->  86099
! got 86100  ->  86124
! got 86125  ->  86149
! got 86150  ->  86174
! got 86175  ->  86199
! got 86200  ->  86224
! got 86225  ->  86249
Error api.zed on 86267 refetching....
! got 86250  ->  86274
! got 86275  ->  86299
! got 86300  ->  86324
! got 86325  ->  86349
! got 86350  ->  86374
! got 86375  ->  86399
! got 86400  ->  86424
! got 86425  ->  86449
! got 86450  ->  86474
! got 86475  ->  86499
! got 86500  ->  86524
! got 86525  ->  86549
! got 86550  ->  86574
! got 86575  ->  86599
! got 86600  ->  86624
! got 86625  ->  86649
! got 86650  ->  86674
! got 86675  ->  86699
! got 86700  ->  86724
! got 86725  ->  86749
! got 86750  ->  86774
! got 86775  ->  86799
! got 86800  ->  86824
! got 86825  ->  86849
! got 86850  ->  86874
! got 86875  ->  86899
! got 86900  ->  86924
! got 86925  ->  86949
! got 86950  ->  86974
! got 86975  ->  86999
! got 87000  ->  87024
! got 87025  ->  87049
! got 87050  ->  87074
! got 87075  ->  87099
! got 87100  ->  87124
! got 87125  ->  87149
! got 87150  ->  87174
! got 87175  ->  87199
! got 87200  ->  87224
! got 87225  ->  87249
! got 87250  ->  87274
! got 87275  ->  87299
! got 87300  ->  87324
! got 87325  ->  87349
! got 87350  ->  87374
Error api.zed on 87377 refetching....
! got 87375  ->  87399
! got 87400  ->  87424
! got 87425  ->  87449
! got 87450  ->  87474
! got 87475  ->  87499
! got 87500  ->  87524
! got 87525  ->  87549
! got 87550  ->  87574
! got 87575  ->  87599
! got 87600  ->  87624
! got 87625  ->  87649
! got 87650  ->  87674
! got 87675  ->  87699
! got 87700  ->  87724
! got 87725  ->  87749
! got 87750  ->  87774
! got 87775  ->  87799
! got 87800  ->  87824
! got 87825  ->  87849
! got 87850  ->  87874
! got 87875  ->  87899
! got 87900  ->  87924
! got 87925  ->  87949
! got 87950  ->  87974
! got 87975  ->  87999
! got 88000  ->  88024
! got 88025  ->  88049
! got 88050  ->  88074
! got 88075  ->  88099
! got 88100  ->  88124
! got 88125  ->  88149
! got 88150  ->  88174
! got 88175  ->  88199
! got 88200  ->  88224
! got 88225  ->  88249
! got 88250  ->  88274
! got 88275  ->  88299
! got 88300  ->  88324
! got 88325  ->  88349
! got 88350  ->  88374
! got 88375  ->  88399
! got 88400  ->  88424
! got 88425  ->  88449
! got 88450  ->  88474
! got 88475  ->  88499
! got 88500  ->  88524
! got 88525  ->  88549
! got 88550  ->  88574
! got 88575  ->  88599
! got 88600  ->  88624
! got 88625  ->  88649
! got 88650  ->  88674
! got 88675  ->  88699
! got 88700  ->  88724
! got 88725  ->  88749
! got 88750  ->  88774
! got 88775  ->  88799
! got 88800  ->  88824
! got 88825  ->  88849
! got 88850  ->  88874
! got 88875  ->  88899
! got 88900  ->  88924
! got 88925  ->  88949
! got 88950  ->  88974
! got 88975  ->  88982
## Fetch completed
## Generating Blood Ranks
generate_blood_mapping
len:  88990
wrote blood_1
wrote blood_2
wrote blood_3
wrote blood_4
wrote blood_5
wrote blood_6
wrote blood_7
wrote blood_8
wrote blood_9
caching on heroku server
starting...
# MONGO connected zed_db
# MONGO connected zed_ch
blood got 10
done ranks till 999
done ranks till 1999
done ranks till 2999
done ranks till 3999
done ranks till 4999
done ranks till 5999
done ranks till 6999
done ranks till 7999
done ranks till 8999
done ranks till 9999
done ranks till 10999
done ranks till 11999
done ranks till 12999
done ranks till 13999
done ranks till 14999
done ranks till 15999
done ranks till 16999
done ranks till 17999
done ranks till 18999
done ranks till 19999
done ranks till 20999
done ranks till 21999
done ranks till 22999
done ranks till 23999
done ranks till 24999
done ranks till 25999
done ranks till 26999
done ranks till 27999
done ranks till 28999
done ranks till 29999
done ranks till 30999
done ranks till 31999
done ranks till 32999
done ranks till 33999
done ranks till 34999
done ranks till 35999
done ranks till 36999
done ranks till 37999
done ranks till 38999
done ranks till 39999
done ranks till 40999
done ranks till 41999
done ranks till 42999
done ranks till 43999
done ranks till 44999
done ranks till 45999
done ranks till 46999
done ranks till 47999
done ranks till 48999
done ranks till 49999
done ranks till 50999
done ranks till 51999
done ranks till 52999
done ranks till 53999
done ranks till 54999
done ranks till 55999
done ranks till 56999
done ranks till 57999
done ranks till 58999
done ranks till 59999
done ranks till 60999
done ranks till 61999
done ranks till 62999
done ranks till 63999
done ranks till 64999
done ranks till 65999
done ranks till 66999
done ranks till 67999
done ranks till 68999
done ranks till 69999
done ranks till 70999
done ranks till 71999
done ranks till 72999
done ranks till 73999
done ranks till 74999
done ranks till 75999
done ranks till 76999
done ranks till 77999
done ranks till 78999
done ranks till 79999
done ranks till 80999
done ranks till 81999
done ranks till 82999
done ranks till 83999
done ranks till 84999
done ranks till 85999
done ranks till 86999
done ranks till 87999
done ranks till 88982
# completed giving ranks
## Completed Blood Ranks
## DONE
